#
# There is insufficient memory for the Java Runtime Environment to continue.
# Native memory allocation (malloc) failed to allocate 335056 bytes for Chunk::new
# Possible reasons:
#   The system is out of physical RAM or swap space
#   The process is running with CompressedOops enabled, and the Java Heap may be blocking the growth of the native heap
# Possible solutions:
#   Reduce memory load on the system
#   Increase physical memory or swap space
#   Check if swap backing store is full
#   Decrease Java heap size (-Xmx/-Xms)
#   Decrease number of Java threads
#   Decrease Java thread stack sizes (-Xss)
#   Set larger code cache with -XX:ReservedCodeCacheSize=
#   JVM is running with Unscaled Compressed Oops mode in which the Java heap is
#     placed in the first 4GB address space. The Java Heap base address is the
#     maximum limit for the native heap growth. Please use -XX:HeapBaseMinAddress
#     to set the Java Heap base and to place the Java Heap above 4GB virtual address.
# This output file may be truncated or incomplete.
#
#  Out of Memory Error (arena.cpp:195), pid=31860, tid=7584
#
# JRE version: OpenJDK Runtime Environment Corretto-16.0.2.7.1 (16.0.2+7) (build 16.0.2+7)
# Java VM: OpenJDK 64-Bit Server VM Corretto-16.0.2.7.1 (16.0.2+7, mixed mode, sharing, tiered, compressed oops, compressed class ptrs, g1 gc, windows-amd64)
# No core dump will be written. Minidumps are not enabled by default on client versions of Windows
#

---------------  S U M M A R Y ------------

Command Line: --add-opens=java.base/java.util=ALL-UNNAMED --add-opens=java.base/java.lang=ALL-UNNAMED --add-opens=java.base/java.lang.invoke=ALL-UNNAMED --add-opens=java.base/java.util=ALL-UNNAMED --add-opens=java.prefs/java.util.prefs=ALL-UNNAMED --add-opens=java.prefs/java.util.prefs=ALL-UNNAMED --add-opens=java.base/java.nio.charset=ALL-UNNAMED --add-opens=java.base/java.net=ALL-UNNAMED --add-opens=java.base/java.util.concurrent.atomic=ALL-UNNAMED -XX:MaxMetaspaceSize=256m -XX:+HeapDumpOnOutOfMemoryError -Xms256m -Xmx512m -Dfile.encoding=UTF-8 -Duser.country=US -Duser.language=en -Duser.variant org.gradle.launcher.daemon.bootstrap.GradleDaemon 7.0.2

Host: 12th Gen Intel(R) Core(TM) i5-1235U, 12 cores, 7G,  Windows 10 , 64 bit Build 26100 (10.0.26100.3323)
Time: Sat Apr 12 09:54:36 2025 Central Daylight Time elapsed time: 17.677455 seconds (0d 0h 0m 17s)

---------------  T H R E A D  ---------------

Current thread (0x0000016fff16cb40):  JavaThread "C2 CompilerThread0" daemon [_thread_in_native, id=7584, stack(0x0000006df6400000,0x0000006df6500000)]


Current CompileTask:
C2:  17678 5322 %     4       groovy.lang.MetaClassImpl::inheritInterfaceNewMetaMethods @ 100 (195 bytes)

Stack: [0x0000006df6400000,0x0000006df6500000]
Native frames: (J=compiled Java code, j=interpreted, Vv=VM code, C=native code)
V  [jvm.dll+0x647e0a]
V  [jvm.dll+0x7f0549]
V  [jvm.dll+0x7f1cfe]
V  [jvm.dll+0x7f2343]
V  [jvm.dll+0x23dd88]
V  [jvm.dll+0xc879a]
V  [jvm.dll+0xc8d4c]
V  [jvm.dll+0x53c687]
V  [jvm.dll+0x31b56e]
V  [jvm.dll+0x31a97a]
V  [jvm.dll+0x210990]
V  [jvm.dll+0x20ff17]
V  [jvm.dll+0x1a0d9b]
V  [jvm.dll+0x21f909]
V  [jvm.dll+0x21da9b]
V  [jvm.dll+0x7a8662]
V  [jvm.dll+0x7a223a]
V  [jvm.dll+0x646c46]
C  [ucrtbase.dll+0x37b0]
C  [KERNEL32.DLL+0x2e8d7]
C  [ntdll.dll+0xbbf6c]


---------------  P R O C E S S  ---------------

Threads class SMR info:
_java_thread_list=0x0000016f9112bee0, length=60, elements={
0x0000016ff2368280, 0x0000016fff14fac0, 0x0000016fff151140, 0x0000016fff157410,
0x0000016fff157e20, 0x0000016fff15f2d0, 0x0000016fff162760, 0x0000016fff16cb40,
0x0000016fff173020, 0x0000016fff173970, 0x0000016fffd32e90, 0x0000016fffd333e0,
0x0000016fffd31950, 0x0000016fffd323f0, 0x0000016fffd31ea0, 0x0000016fffd33e80,
0x0000016fffd343d0, 0x0000016fffd32940, 0x0000016fffd33930, 0x0000016fffd34e70,
0x0000016f927f7070, 0x0000016f927f75c0, 0x0000016f927f7b10, 0x0000016f927f9050,
0x0000016f927f95a0, 0x0000016f927f8b00, 0x0000016f927f65d0, 0x0000016f927f6b20,
0x0000016f927f9af0, 0x0000016f927f8060, 0x0000016f927f6080, 0x0000016f927f85b0,
0x0000016f927fa590, 0x0000016f927fc020, 0x0000016f927fd010, 0x0000016f927fcac0,
0x0000016f927fc570, 0x0000016f927faae0, 0x0000016f927fb030, 0x0000016f927fdab0,
0x0000016f927fd560, 0x0000016f927fb580, 0x0000016f927fbad0, 0x0000016f927fa040,
0x0000016f935bb930, 0x0000016f935ba3f0, 0x0000016f935bae90, 0x0000016f935bb3e0,
0x0000016f935bbe80, 0x0000016f935bc3d0, 0x0000016f935bce70, 0x0000016f935bd3c0,
0x0000016f935b9ea0, 0x0000016f935c08e0, 0x0000016f935bf3a0, 0x0000016f935c0e30,
0x0000016f935bf8f0, 0x0000016f935c1380, 0x0000016f935c0390, 0x0000016f935bd910
}

Java Threads: ( => current thread )
  0x0000016ff2368280 JavaThread "main" [_thread_blocked, id=20560, stack(0x0000006df5700000,0x0000006df5800000)]
  0x0000016fff14fac0 JavaThread "Reference Handler" daemon [_thread_blocked, id=13068, stack(0x0000006df5e00000,0x0000006df5f00000)]
  0x0000016fff151140 JavaThread "Finalizer" daemon [_thread_blocked, id=11952, stack(0x0000006df5f00000,0x0000006df6000000)]
  0x0000016fff157410 JavaThread "Signal Dispatcher" daemon [_thread_blocked, id=16768, stack(0x0000006df6000000,0x0000006df6100000)]
  0x0000016fff157e20 JavaThread "Attach Listener" daemon [_thread_blocked, id=6524, stack(0x0000006df6100000,0x0000006df6200000)]
  0x0000016fff15f2d0 JavaThread "Service Thread" daemon [_thread_blocked, id=16348, stack(0x0000006df6200000,0x0000006df6300000)]
  0x0000016fff162760 JavaThread "Monitor Deflation Thread" daemon [_thread_blocked, id=24348, stack(0x0000006df6300000,0x0000006df6400000)]
=>0x0000016fff16cb40 JavaThread "C2 CompilerThread0" daemon [_thread_in_native, id=7584, stack(0x0000006df6400000,0x0000006df6500000)]
  0x0000016fff173020 JavaThread "C1 CompilerThread0" daemon [_thread_blocked, id=29464, stack(0x0000006df6500000,0x0000006df6600000)]
  0x0000016fff173970 JavaThread "Sweeper thread" daemon [_thread_blocked, id=30112, stack(0x0000006df6600000,0x0000006df6700000)]
  0x0000016fffd32e90 JavaThread "Common-Cleaner" daemon [_thread_blocked, id=30732, stack(0x0000006df6700000,0x0000006df6800000)]
  0x0000016fffd333e0 JavaThread "Notification Thread" daemon [_thread_blocked, id=29844, stack(0x0000006df6800000,0x0000006df6900000)]
  0x0000016fffd31950 JavaThread "Daemon health stats" [_thread_blocked, id=28572, stack(0x0000006df6f00000,0x0000006df7000000)]
  0x0000016fffd323f0 JavaThread "Incoming local TCP Connector on port 63227" [_thread_in_native, id=4072, stack(0x0000006df7000000,0x0000006df7100000)]
  0x0000016fffd31ea0 JavaThread "Daemon periodic checks" [_thread_blocked, id=12660, stack(0x0000006df7100000,0x0000006df7200000)]
  0x0000016fffd33e80 JavaThread "Daemon" [_thread_blocked, id=15852, stack(0x0000006df7200000,0x0000006df7300000)]
  0x0000016fffd343d0 JavaThread "Handler for socket connection from /127.0.0.1:63227 to /127.0.0.1:63228" [_thread_in_native, id=23040, stack(0x0000006df7300000,0x0000006df7400000)]
  0x0000016fffd32940 JavaThread "Cancel handler" [_thread_blocked, id=20364, stack(0x0000006df7400000,0x0000006df7500000)]
  0x0000016fffd33930 JavaThread "Daemon worker" [_thread_in_Java, id=1440, stack(0x0000006df7500000,0x0000006df7600000)]
  0x0000016fffd34e70 JavaThread "Asynchronous log dispatcher for DefaultDaemonConnection: socket connection from /127.0.0.1:63227 to /127.0.0.1:63228" [_thread_blocked, id=22192, stack(0x0000006df7600000,0x0000006df7700000)]
  0x0000016f927f7070 JavaThread "Stdin handler" [_thread_blocked, id=10944, stack(0x0000006df7700000,0x0000006df7800000)]
  0x0000016f927f75c0 JavaThread "Daemon client event forwarder" [_thread_blocked, id=416, stack(0x0000006df7800000,0x0000006df7900000)]
  0x0000016f927f7b10 JavaThread "Cache worker for file hash cache (C:\Users\gunch\.gradle\caches\7.0.2\fileHashes)" [_thread_blocked, id=23696, stack(0x0000006df7900000,0x0000006df7a00000)]
  0x0000016f927f9050 JavaThread "File lock request listener" [_thread_in_native, id=19008, stack(0x0000006df7a00000,0x0000006df7b00000)]
  0x0000016f927f95a0 JavaThread "Cache worker for journal cache (C:\Users\gunch\.gradle\caches\journal-1)" [_thread_blocked, id=24360, stack(0x0000006df7b00000,0x0000006df7c00000)]
  0x0000016f927f8b00 JavaThread "Cache worker for file hash cache (C:\Users\gunch\Documents\bloomtech\Unit7\Sprint25\mod2\bd-advertising-service\.gradle\7.0.2\fileHashes)" [_thread_blocked, id=33716, stack(0x0000006df7c00000,0x0000006df7d00000)]
  0x0000016f927f65d0 JavaThread "File watcher server" daemon [_thread_in_native, id=32360, stack(0x0000006df7d00000,0x0000006df7e00000)]
  0x0000016f927f6b20 JavaThread "File watcher consumer" daemon [_thread_blocked, id=28720, stack(0x0000006df7e00000,0x0000006df7f00000)]
  0x0000016f927f9af0 JavaThread "jar transforms" [_thread_blocked, id=12328, stack(0x0000006df7f00000,0x0000006df8000000)]
  0x0000016f927f8060 JavaThread "jar transforms Thread 2" [_thread_blocked, id=7096, stack(0x0000006df8000000,0x0000006df8100000)]
  0x0000016f927f6080 JavaThread "jar transforms Thread 3" [_thread_blocked, id=12036, stack(0x0000006df8100000,0x0000006df8200000)]
  0x0000016f927f85b0 JavaThread "jar transforms Thread 4" [_thread_blocked, id=22608, stack(0x0000006df8200000,0x0000006df8300000)]
  0x0000016f927fa590 JavaThread "jar transforms Thread 5" [_thread_blocked, id=18812, stack(0x0000006df8300000,0x0000006df8400000)]
  0x0000016f927fc020 JavaThread "jar transforms Thread 6" [_thread_blocked, id=17536, stack(0x0000006df8400000,0x0000006df8500000)]
  0x0000016f927fd010 JavaThread "jar transforms Thread 7" [_thread_blocked, id=14988, stack(0x0000006df8500000,0x0000006df8600000)]
  0x0000016f927fcac0 JavaThread "jar transforms Thread 8" [_thread_blocked, id=10212, stack(0x0000006df8600000,0x0000006df8700000)]
  0x0000016f927fc570 JavaThread "jar transforms Thread 9" [_thread_blocked, id=31280, stack(0x0000006df8700000,0x0000006df8800000)]
  0x0000016f927faae0 JavaThread "jar transforms Thread 10" [_thread_blocked, id=32724, stack(0x0000006df8800000,0x0000006df8900000)]
  0x0000016f927fb030 JavaThread "jar transforms Thread 11" [_thread_blocked, id=13228, stack(0x0000006df8900000,0x0000006df8a00000)]
  0x0000016f927fdab0 JavaThread "jar transforms Thread 12" [_thread_blocked, id=28004, stack(0x0000006df8a00000,0x0000006df8b00000)]
  0x0000016f927fd560 JavaThread "Cache worker for checksums cache (C:\Users\gunch\Documents\bloomtech\Unit7\Sprint25\mod2\bd-advertising-service\.gradle\checksums)" [_thread_blocked, id=1076, stack(0x0000006df8b00000,0x0000006df8c00000)]
  0x0000016f927fb580 JavaThread "Cache worker for cache directory md-supplier (C:\Users\gunch\.gradle\caches\7.0.2\md-supplier)" [_thread_blocked, id=6352, stack(0x0000006df8c00000,0x0000006df8d00000)]
  0x0000016f927fbad0 JavaThread "Cache worker for cache directory md-rule (C:\Users\gunch\.gradle\caches\7.0.2\md-rule)" [_thread_blocked, id=25788, stack(0x0000006df9300000,0x0000006df9400000)]
  0x0000016f927fa040 JavaThread "Cache worker for execution history cache (C:\Users\gunch\.gradle\caches\7.0.2\executionHistory)" [_thread_blocked, id=12636, stack(0x0000006df9400000,0x0000006df9500000)]
  0x0000016f935bb930 JavaThread "Cache worker for file content cache (C:\Users\gunch\.gradle\caches\7.0.2\fileContent)" [_thread_blocked, id=13960, stack(0x0000006df9500000,0x0000006df9600000)]
  0x0000016f935ba3f0 JavaThread "Cache worker for dependencies-accessors (C:\Users\gunch\Documents\bloomtech\Unit7\Sprint25\mod2\bd-advertising-service\.gradle\7.0.2\dependencies-accessors)" [_thread_blocked, id=24492, stack(0x0000006df9700000,0x0000006df9800000)]
  0x0000016f935bae90 JavaThread "Cache worker for Build Output Cleanup Cache (C:\Users\gunch\Documents\bloomtech\Unit7\Sprint25\mod2\bd-advertising-service\.gradle\buildOutputCleanup)" [_thread_blocked, id=33056, stack(0x0000006df9800000,0x0000006df9900000)]
  0x0000016f935bb3e0 JavaThread "Build operations" [_thread_blocked, id=27416, stack(0x0000006df9900000,0x0000006df9a00000)]
  0x0000016f935bbe80 JavaThread "Build operations Thread 2" [_thread_blocked, id=25252, stack(0x0000006df9a00000,0x0000006df9b00000)]
  0x0000016f935bc3d0 JavaThread "Build operations Thread 3" [_thread_blocked, id=16120, stack(0x0000006df9b00000,0x0000006df9c00000)]
  0x0000016f935bce70 JavaThread "Build operations Thread 4" [_thread_blocked, id=22792, stack(0x0000006df9c00000,0x0000006df9d00000)]
  0x0000016f935bd3c0 JavaThread "Build operations Thread 5" [_thread_blocked, id=15396, stack(0x0000006df9d00000,0x0000006df9e00000)]
  0x0000016f935b9ea0 JavaThread "Build operations Thread 6" [_thread_blocked, id=7972, stack(0x0000006df9e00000,0x0000006df9f00000)]
  0x0000016f935c08e0 JavaThread "Build operations Thread 7" [_thread_blocked, id=28260, stack(0x0000006df9f00000,0x0000006dfa000000)]
  0x0000016f935bf3a0 JavaThread "Build operations Thread 8" [_thread_blocked, id=32128, stack(0x0000006dfa000000,0x0000006dfa100000)]
  0x0000016f935c0e30 JavaThread "Build operations Thread 9" [_thread_blocked, id=8376, stack(0x0000006dfa100000,0x0000006dfa200000)]
  0x0000016f935bf8f0 JavaThread "Build operations Thread 10" [_thread_blocked, id=20972, stack(0x0000006dfa200000,0x0000006dfa300000)]
  0x0000016f935c1380 JavaThread "Build operations Thread 11" [_thread_blocked, id=12492, stack(0x0000006dfa300000,0x0000006dfa400000)]
  0x0000016f935c0390 JavaThread "Build operations Thread 12" [_thread_blocked, id=19632, stack(0x0000006dfa400000,0x0000006dfa500000)]
  0x0000016f935bd910 JavaThread "Memory manager" [_thread_in_vm, id=22224, stack(0x0000006dfa500000,0x0000006dfa600000)]

Other Threads:
  0x0000016fff146880 VMThread "VM Thread" [stack: 0x0000006df5d00000,0x0000006df5e00000] [id=12696]
  0x0000016fffd3eb40 WatcherThread [stack: 0x0000006df6900000,0x0000006df6a00000] [id=15816]
  0x0000016ff23912d0 GCTaskThread "GC Thread#0" [stack: 0x0000006df5800000,0x0000006df5900000] [id=29404]
  0x0000016f916aa650 GCTaskThread "GC Thread#1" [stack: 0x0000006df6a00000,0x0000006df6b00000] [id=4904]
  0x0000016f916aa960 GCTaskThread "GC Thread#2" [stack: 0x0000006df6b00000,0x0000006df6c00000] [id=14748]
  0x0000016f91557670 GCTaskThread "GC Thread#3" [stack: 0x0000006df6c00000,0x0000006df6d00000] [id=20508]
  0x0000016f91558190 GCTaskThread "GC Thread#4" [stack: 0x0000006df6d00000,0x0000006df6e00000] [id=28192]
  0x0000016f917f72f0 GCTaskThread "GC Thread#5" [stack: 0x0000006df6e00000,0x0000006df6f00000] [id=10788]
  0x0000016f9458ca10 GCTaskThread "GC Thread#6" [stack: 0x0000006df8d00000,0x0000006df8e00000] [id=29692]
  0x0000016f9458df80 GCTaskThread "GC Thread#7" [stack: 0x0000006df8e00000,0x0000006df8f00000] [id=32540]
  0x0000016f9458d030 GCTaskThread "GC Thread#8" [stack: 0x0000006df8f00000,0x0000006df9000000] [id=9372]
  0x0000016f9458e290 GCTaskThread "GC Thread#9" [stack: 0x0000006df9000000,0x0000006df9100000] [id=29940]
  0x0000016ff2396320 ConcurrentGCThread "G1 Main Marker" [stack: 0x0000006df5900000,0x0000006df5a00000] [id=23460]
  0x0000016ff23979f0 ConcurrentGCThread "G1 Conc#0" [stack: 0x0000006df5a00000,0x0000006df5b00000] [id=31260]
  0x0000016f9458e5a0 ConcurrentGCThread "G1 Conc#1" [stack: 0x0000006df9100000,0x0000006df9200000] [id=21068]
  0x0000016f9458cd20 ConcurrentGCThread "G1 Conc#2" [stack: 0x0000006df9200000,0x0000006df9300000] [id=21860]
  0x0000016ffeffa580 ConcurrentGCThread "G1 Refine#0" [stack: 0x0000006df5b00000,0x0000006df5c00000] [id=18228]
  0x0000016f94e5b130 ConcurrentGCThread "G1 Refine#1" [stack: 0x0000006df9600000,0x0000006df9700000] [id=29616]
  0x0000016ffeffaf10 ConcurrentGCThread "G1 Service" [stack: 0x0000006df5c00000,0x0000006df5d00000] [id=16932]

Threads with active compile tasks:
C2 CompilerThread0    17745 5322 %     4       groovy.lang.MetaClassImpl::inheritInterfaceNewMetaMethods @ 100 (195 bytes)

VM state: not at safepoint (normal execution)

VM Mutex/Monitor currently owned by a thread: None

Heap address: 0x00000000e0000000, size: 512 MB, Compressed Oops mode: 32-bit

CDS archive(s) mapped at: [0x0000000800000000-0x0000000800be0000-0x0000000800be0000), size 12451840, SharedBaseAddress: 0x0000000800000000, ArchiveRelocationMode: 0.
Compressed class space mapped at: 0x0000000800c00000-0x000000080dc00000, reserved size: 218103808
Narrow klass base: 0x0000000800000000, Narrow klass shift: 3, Narrow klass range: 0x100000000

GC Precious Log:
 CPUs: 12 total, 12 available
 Memory: 7750M
 Large Page Support: Disabled
 NUMA Support: Disabled
 Compressed Oops: Enabled (32-bit)
 Heap Region Size: 1M
 Heap Min Capacity: 256M
 Heap Initial Capacity: 256M
 Heap Max Capacity: 512M
 Pre-touch: Disabled
 Parallel Workers: 10
 Concurrent Workers: 3
 Concurrent Refinement Workers: 10
 Periodic GC: Disabled

Heap:
 garbage-first heap   total 262144K, used 91170K [0x00000000e0000000, 0x0000000100000000)
  region size 1024K, 39 young (39936K), 11 survivors (11264K)
 Metaspace       used 45244K, committed 45888K, reserved 253952K
  class space    used 6132K, committed 6464K, reserved 212992K

Heap Regions: E=young(eden), S=young(survivor), O=old, HS=humongous(starts), HC=humongous(continues), CS=collection set, F=free, OA=open archive, CA=closed archive, TAMS=top-at-mark-start (previous, next)
|   0|0x00000000e0000000, 0x00000000e0100000, 0x00000000e0100000|100%|HS|  |TAMS 0x00000000e0100000, 0x00000000e0000000| Complete 
|   1|0x00000000e0100000, 0x00000000e0200000, 0x00000000e0200000|100%| O|  |TAMS 0x00000000e0200000, 0x00000000e0100000| Untracked 
|   2|0x00000000e0200000, 0x00000000e0300000, 0x00000000e0300000|100%| O|  |TAMS 0x00000000e0300000, 0x00000000e0200000| Untracked 
|   3|0x00000000e0300000, 0x00000000e0400000, 0x00000000e0400000|100%|HS|  |TAMS 0x00000000e0400000, 0x00000000e0300000| Complete 
|   4|0x00000000e0400000, 0x00000000e0500000, 0x00000000e0500000|100%|HC|  |TAMS 0x00000000e0500000, 0x00000000e0400000| Complete 
|   5|0x00000000e0500000, 0x00000000e0600000, 0x00000000e0600000|100%|HC|  |TAMS 0x00000000e0600000, 0x00000000e0500000| Complete 
|   6|0x00000000e0600000, 0x00000000e0700000, 0x00000000e0700000|100%| O|  |TAMS 0x00000000e0700000, 0x00000000e0600000| Untracked 
|   7|0x00000000e0700000, 0x00000000e0800000, 0x00000000e0800000|100%| O|  |TAMS 0x00000000e0800000, 0x00000000e0700000| Untracked 
|   8|0x00000000e0800000, 0x00000000e0900000, 0x00000000e0900000|100%| O|  |TAMS 0x00000000e0900000, 0x00000000e0800000| Untracked 
|   9|0x00000000e0900000, 0x00000000e0a00000, 0x00000000e0a00000|100%| O|  |TAMS 0x00000000e09ad800, 0x00000000e0900000| Untracked 
|  10|0x00000000e0a00000, 0x00000000e0b00000, 0x00000000e0b00000|100%|HS|  |TAMS 0x00000000e0b00000, 0x00000000e0a00000| Complete 
|  11|0x00000000e0b00000, 0x00000000e0c00000, 0x00000000e0c00000|100%|HC|  |TAMS 0x00000000e0c00000, 0x00000000e0b00000| Complete 
|  12|0x00000000e0c00000, 0x00000000e0d00000, 0x00000000e0d00000|100%|HC|  |TAMS 0x00000000e0d00000, 0x00000000e0c00000| Complete 
|  13|0x00000000e0d00000, 0x00000000e0e00000, 0x00000000e0e00000|100%|HC|  |TAMS 0x00000000e0e00000, 0x00000000e0d00000| Complete 
|  14|0x00000000e0e00000, 0x00000000e0f00000, 0x00000000e0f00000|100%|HC|  |TAMS 0x00000000e0f00000, 0x00000000e0e00000| Complete 
|  15|0x00000000e0f00000, 0x00000000e1000000, 0x00000000e1000000|100%|HC|  |TAMS 0x00000000e1000000, 0x00000000e0f00000| Complete 
|  16|0x00000000e1000000, 0x00000000e1100000, 0x00000000e1100000|100%|HS|  |TAMS 0x00000000e1100000, 0x00000000e1000000| Complete 
|  17|0x00000000e1100000, 0x00000000e1200000, 0x00000000e1200000|100%|HC|  |TAMS 0x00000000e1200000, 0x00000000e1100000| Complete 
|  18|0x00000000e1200000, 0x00000000e1300000, 0x00000000e1300000|100%|HC|  |TAMS 0x00000000e1300000, 0x00000000e1200000| Complete 
|  19|0x00000000e1300000, 0x00000000e1400000, 0x00000000e1400000|100%|HS|  |TAMS 0x00000000e1400000, 0x00000000e1300000| Complete 
|  20|0x00000000e1400000, 0x00000000e1500000, 0x00000000e1500000|100%|HC|  |TAMS 0x00000000e1500000, 0x00000000e1400000| Complete 
|  21|0x00000000e1500000, 0x00000000e1600000, 0x00000000e1600000|100%| O|  |TAMS 0x00000000e1500000, 0x00000000e1500000| Untracked 
|  22|0x00000000e1600000, 0x00000000e1700000, 0x00000000e1700000|100%| O|  |TAMS 0x00000000e1600000, 0x00000000e1600000| Untracked 
|  23|0x00000000e1700000, 0x00000000e1800000, 0x00000000e1800000|100%| O|  |TAMS 0x00000000e1700000, 0x00000000e1700000| Untracked 
|  24|0x00000000e1800000, 0x00000000e1900000, 0x00000000e1900000|100%|HS|  |TAMS 0x00000000e1900000, 0x00000000e1800000| Complete 
|  25|0x00000000e1900000, 0x00000000e1a00000, 0x00000000e1a00000|100%|HC|  |TAMS 0x00000000e1a00000, 0x00000000e1900000| Complete 
|  26|0x00000000e1a00000, 0x00000000e1b00000, 0x00000000e1b00000|100%|HS|  |TAMS 0x00000000e1b00000, 0x00000000e1a00000| Complete 
|  27|0x00000000e1b00000, 0x00000000e1c00000, 0x00000000e1c00000|100%|HC|  |TAMS 0x00000000e1c00000, 0x00000000e1b00000| Complete 
|  28|0x00000000e1c00000, 0x00000000e1d00000, 0x00000000e1d00000|100%|HC|  |TAMS 0x00000000e1d00000, 0x00000000e1c00000| Complete 
|  29|0x00000000e1d00000, 0x00000000e1e00000, 0x00000000e1e00000|100%|HC|  |TAMS 0x00000000e1e00000, 0x00000000e1d00000| Complete 
|  30|0x00000000e1e00000, 0x00000000e1f00000, 0x00000000e1f00000|100%|HC|  |TAMS 0x00000000e1f00000, 0x00000000e1e00000| Complete 
|  31|0x00000000e1f00000, 0x00000000e2000000, 0x00000000e2000000|100%|HC|  |TAMS 0x00000000e2000000, 0x00000000e1f00000| Complete 
|  32|0x00000000e2000000, 0x00000000e2100000, 0x00000000e2100000|100%|HS|  |TAMS 0x00000000e2100000, 0x00000000e2000000| Complete 
|  33|0x00000000e2100000, 0x00000000e2200000, 0x00000000e2200000|100%| O|  |TAMS 0x00000000e2100000, 0x00000000e2100000| Untracked 
|  34|0x00000000e2200000, 0x00000000e2300000, 0x00000000e2300000|100%| O|  |TAMS 0x00000000e2200000, 0x00000000e2200000| Untracked 
|  35|0x00000000e2300000, 0x00000000e2400000, 0x00000000e2400000|100%| O|  |TAMS 0x00000000e2300000, 0x00000000e2300000| Untracked 
|  36|0x00000000e2400000, 0x00000000e2500000, 0x00000000e2500000|100%| O|  |TAMS 0x00000000e2400000, 0x00000000e2400000| Untracked 
|  37|0x00000000e2500000, 0x00000000e2600000, 0x00000000e2600000|100%| O|  |TAMS 0x00000000e2500000, 0x00000000e2500000| Untracked 
|  38|0x00000000e2600000, 0x00000000e2700000, 0x00000000e2700000|100%| O|  |TAMS 0x00000000e2600000, 0x00000000e2600000| Untracked 
|  39|0x00000000e2700000, 0x00000000e2800000, 0x00000000e2800000|100%| O|  |TAMS 0x00000000e2700000, 0x00000000e2700000| Untracked 
|  40|0x00000000e2800000, 0x00000000e2900000, 0x00000000e2900000|100%| O|  |TAMS 0x00000000e2800000, 0x00000000e2800000| Untracked 
|  41|0x00000000e2900000, 0x00000000e2a00000, 0x00000000e2a00000|100%| O|  |TAMS 0x00000000e2900000, 0x00000000e2900000| Untracked 
|  42|0x00000000e2a00000, 0x00000000e2b00000, 0x00000000e2b00000|100%| O|  |TAMS 0x00000000e2a00000, 0x00000000e2a00000| Untracked 
|  43|0x00000000e2b00000, 0x00000000e2c00000, 0x00000000e2c00000|100%| O|  |TAMS 0x00000000e2b00000, 0x00000000e2b00000| Untracked 
|  44|0x00000000e2c00000, 0x00000000e2d00000, 0x00000000e2d00000|100%| O|  |TAMS 0x00000000e2c00000, 0x00000000e2c00000| Untracked 
|  45|0x00000000e2d00000, 0x00000000e2e00000, 0x00000000e2e00000|100%| O|  |TAMS 0x00000000e2d00000, 0x00000000e2d00000| Untracked 
|  46|0x00000000e2e00000, 0x00000000e2f00000, 0x00000000e2f00000|100%| O|  |TAMS 0x00000000e2e00000, 0x00000000e2e00000| Untracked 
|  47|0x00000000e2f00000, 0x00000000e3000000, 0x00000000e3000000|100%| O|  |TAMS 0x00000000e2f00000, 0x00000000e2f00000| Untracked 
|  48|0x00000000e3000000, 0x00000000e3100000, 0x00000000e3100000|100%| O|  |TAMS 0x00000000e3000000, 0x00000000e3000000| Untracked 
|  49|0x00000000e3100000, 0x00000000e3200000, 0x00000000e3200000|100%| O|  |TAMS 0x00000000e3100000, 0x00000000e3100000| Untracked 
|  50|0x00000000e3200000, 0x00000000e3300000, 0x00000000e3300000|100%| O|  |TAMS 0x00000000e3200000, 0x00000000e3200000| Untracked 
|  51|0x00000000e3300000, 0x00000000e3332600, 0x00000000e3400000| 19%| O|  |TAMS 0x00000000e3300000, 0x00000000e3300000| Untracked 
|  52|0x00000000e3400000, 0x00000000e3400000, 0x00000000e3500000|  0%| F|  |TAMS 0x00000000e3400000, 0x00000000e3400000| Untracked 
|  53|0x00000000e3500000, 0x00000000e3500000, 0x00000000e3600000|  0%| F|  |TAMS 0x00000000e3500000, 0x00000000e3500000| Untracked 
|  54|0x00000000e3600000, 0x00000000e3600000, 0x00000000e3700000|  0%| F|  |TAMS 0x00000000e3600000, 0x00000000e3600000| Untracked 
|  55|0x00000000e3700000, 0x00000000e3700000, 0x00000000e3800000|  0%| F|  |TAMS 0x00000000e3700000, 0x00000000e3700000| Untracked 
|  56|0x00000000e3800000, 0x00000000e3800000, 0x00000000e3900000|  0%| F|  |TAMS 0x00000000e3800000, 0x00000000e3800000| Untracked 
|  57|0x00000000e3900000, 0x00000000e3900000, 0x00000000e3a00000|  0%| F|  |TAMS 0x00000000e3900000, 0x00000000e3900000| Untracked 
|  58|0x00000000e3a00000, 0x00000000e3a00000, 0x00000000e3b00000|  0%| F|  |TAMS 0x00000000e3a00000, 0x00000000e3a00000| Untracked 
|  59|0x00000000e3b00000, 0x00000000e3b00000, 0x00000000e3c00000|  0%| F|  |TAMS 0x00000000e3b00000, 0x00000000e3b00000| Untracked 
|  60|0x00000000e3c00000, 0x00000000e3c00000, 0x00000000e3d00000|  0%| F|  |TAMS 0x00000000e3c00000, 0x00000000e3c00000| Untracked 
|  61|0x00000000e3d00000, 0x00000000e3d00000, 0x00000000e3e00000|  0%| F|  |TAMS 0x00000000e3d00000, 0x00000000e3d00000| Untracked 
|  62|0x00000000e3e00000, 0x00000000e3e00000, 0x00000000e3f00000|  0%| F|  |TAMS 0x00000000e3e00000, 0x00000000e3e00000| Untracked 
|  63|0x00000000e3f00000, 0x00000000e3f00000, 0x00000000e4000000|  0%| F|  |TAMS 0x00000000e3f00000, 0x00000000e3f00000| Untracked 
|  64|0x00000000e4000000, 0x00000000e4000000, 0x00000000e4100000|  0%| F|  |TAMS 0x00000000e4000000, 0x00000000e4000000| Untracked 
|  65|0x00000000e4100000, 0x00000000e4100000, 0x00000000e4200000|  0%| F|  |TAMS 0x00000000e4100000, 0x00000000e4100000| Untracked 
|  66|0x00000000e4200000, 0x00000000e4200000, 0x00000000e4300000|  0%| F|  |TAMS 0x00000000e4200000, 0x00000000e4200000| Untracked 
|  67|0x00000000e4300000, 0x00000000e4300000, 0x00000000e4400000|  0%| F|  |TAMS 0x00000000e4300000, 0x00000000e4300000| Untracked 
|  68|0x00000000e4400000, 0x00000000e4400000, 0x00000000e4500000|  0%| F|  |TAMS 0x00000000e4400000, 0x00000000e4400000| Untracked 
|  69|0x00000000e4500000, 0x00000000e4500000, 0x00000000e4600000|  0%| F|  |TAMS 0x00000000e4500000, 0x00000000e4500000| Untracked 
|  70|0x00000000e4600000, 0x00000000e4600000, 0x00000000e4700000|  0%| F|  |TAMS 0x00000000e4600000, 0x00000000e4600000| Untracked 
|  71|0x00000000e4700000, 0x00000000e4700000, 0x00000000e4800000|  0%| F|  |TAMS 0x00000000e4700000, 0x00000000e4700000| Untracked 
|  72|0x00000000e4800000, 0x00000000e4800000, 0x00000000e4900000|  0%| F|  |TAMS 0x00000000e4800000, 0x00000000e4800000| Untracked 
|  73|0x00000000e4900000, 0x00000000e4900000, 0x00000000e4a00000|  0%| F|  |TAMS 0x00000000e4900000, 0x00000000e4900000| Untracked 
|  74|0x00000000e4a00000, 0x00000000e4a00000, 0x00000000e4b00000|  0%| F|  |TAMS 0x00000000e4a00000, 0x00000000e4a00000| Untracked 
|  75|0x00000000e4b00000, 0x00000000e4b00000, 0x00000000e4c00000|  0%| F|  |TAMS 0x00000000e4b00000, 0x00000000e4b00000| Untracked 
|  76|0x00000000e4c00000, 0x00000000e4c00000, 0x00000000e4d00000|  0%| F|  |TAMS 0x00000000e4c00000, 0x00000000e4c00000| Untracked 
|  77|0x00000000e4d00000, 0x00000000e4d00000, 0x00000000e4e00000|  0%| F|  |TAMS 0x00000000e4d00000, 0x00000000e4d00000| Untracked 
|  78|0x00000000e4e00000, 0x00000000e4e00000, 0x00000000e4f00000|  0%| F|  |TAMS 0x00000000e4e00000, 0x00000000e4e00000| Untracked 
|  79|0x00000000e4f00000, 0x00000000e4f00000, 0x00000000e5000000|  0%| F|  |TAMS 0x00000000e4f00000, 0x00000000e4f00000| Untracked 
|  80|0x00000000e5000000, 0x00000000e5000000, 0x00000000e5100000|  0%| F|  |TAMS 0x00000000e5000000, 0x00000000e5000000| Untracked 
|  81|0x00000000e5100000, 0x00000000e5100000, 0x00000000e5200000|  0%| F|  |TAMS 0x00000000e5100000, 0x00000000e5100000| Untracked 
|  82|0x00000000e5200000, 0x00000000e5200000, 0x00000000e5300000|  0%| F|  |TAMS 0x00000000e5200000, 0x00000000e5200000| Untracked 
|  83|0x00000000e5300000, 0x00000000e5300000, 0x00000000e5400000|  0%| F|  |TAMS 0x00000000e5300000, 0x00000000e5300000| Untracked 
|  84|0x00000000e5400000, 0x00000000e5400000, 0x00000000e5500000|  0%| F|  |TAMS 0x00000000e5400000, 0x00000000e5400000| Untracked 
|  85|0x00000000e5500000, 0x00000000e5500000, 0x00000000e5600000|  0%| F|  |TAMS 0x00000000e5500000, 0x00000000e5500000| Untracked 
|  86|0x00000000e5600000, 0x00000000e5600000, 0x00000000e5700000|  0%| F|  |TAMS 0x00000000e5600000, 0x00000000e5600000| Untracked 
|  87|0x00000000e5700000, 0x00000000e5700000, 0x00000000e5800000|  0%| F|  |TAMS 0x00000000e5700000, 0x00000000e5700000| Untracked 
|  88|0x00000000e5800000, 0x00000000e5800000, 0x00000000e5900000|  0%| F|  |TAMS 0x00000000e5800000, 0x00000000e5800000| Untracked 
|  89|0x00000000e5900000, 0x00000000e5900000, 0x00000000e5a00000|  0%| F|  |TAMS 0x00000000e5900000, 0x00000000e5900000| Untracked 
|  90|0x00000000e5a00000, 0x00000000e5a00000, 0x00000000e5b00000|  0%| F|  |TAMS 0x00000000e5a00000, 0x00000000e5a00000| Untracked 
|  91|0x00000000e5b00000, 0x00000000e5b00000, 0x00000000e5c00000|  0%| F|  |TAMS 0x00000000e5b00000, 0x00000000e5b00000| Untracked 
|  92|0x00000000e5c00000, 0x00000000e5c00000, 0x00000000e5d00000|  0%| F|  |TAMS 0x00000000e5c00000, 0x00000000e5c00000| Untracked 
|  93|0x00000000e5d00000, 0x00000000e5d00000, 0x00000000e5e00000|  0%| F|  |TAMS 0x00000000e5d00000, 0x00000000e5d00000| Untracked 
|  94|0x00000000e5e00000, 0x00000000e5e00000, 0x00000000e5f00000|  0%| F|  |TAMS 0x00000000e5e00000, 0x00000000e5e00000| Untracked 
|  95|0x00000000e5f00000, 0x00000000e5f00000, 0x00000000e6000000|  0%| F|  |TAMS 0x00000000e5f00000, 0x00000000e5f00000| Untracked 
|  96|0x00000000e6000000, 0x00000000e6000000, 0x00000000e6100000|  0%| F|  |TAMS 0x00000000e6000000, 0x00000000e6000000| Untracked 
|  97|0x00000000e6100000, 0x00000000e6100000, 0x00000000e6200000|  0%| F|  |TAMS 0x00000000e6100000, 0x00000000e6100000| Untracked 
|  98|0x00000000e6200000, 0x00000000e6200000, 0x00000000e6300000|  0%| F|  |TAMS 0x00000000e6200000, 0x00000000e6200000| Untracked 
|  99|0x00000000e6300000, 0x00000000e6300000, 0x00000000e6400000|  0%| F|  |TAMS 0x00000000e6300000, 0x00000000e6300000| Untracked 
| 100|0x00000000e6400000, 0x00000000e6400000, 0x00000000e6500000|  0%| F|  |TAMS 0x00000000e6400000, 0x00000000e6400000| Untracked 
| 101|0x00000000e6500000, 0x00000000e6500000, 0x00000000e6600000|  0%| F|  |TAMS 0x00000000e6500000, 0x00000000e6500000| Untracked 
| 102|0x00000000e6600000, 0x00000000e6600000, 0x00000000e6700000|  0%| F|  |TAMS 0x00000000e6600000, 0x00000000e6600000| Untracked 
| 103|0x00000000e6700000, 0x00000000e6700000, 0x00000000e6800000|  0%| F|  |TAMS 0x00000000e6700000, 0x00000000e6700000| Untracked 
| 104|0x00000000e6800000, 0x00000000e6800000, 0x00000000e6900000|  0%| F|  |TAMS 0x00000000e6800000, 0x00000000e6800000| Untracked 
| 105|0x00000000e6900000, 0x00000000e6900000, 0x00000000e6a00000|  0%| F|  |TAMS 0x00000000e6900000, 0x00000000e6900000| Untracked 
| 106|0x00000000e6a00000, 0x00000000e6a00000, 0x00000000e6b00000|  0%| F|  |TAMS 0x00000000e6a00000, 0x00000000e6a00000| Untracked 
| 107|0x00000000e6b00000, 0x00000000e6b00000, 0x00000000e6c00000|  0%| F|  |TAMS 0x00000000e6b00000, 0x00000000e6b00000| Untracked 
| 108|0x00000000e6c00000, 0x00000000e6c00000, 0x00000000e6d00000|  0%| F|  |TAMS 0x00000000e6c00000, 0x00000000e6c00000| Untracked 
| 109|0x00000000e6d00000, 0x00000000e6d00000, 0x00000000e6e00000|  0%| F|  |TAMS 0x00000000e6d00000, 0x00000000e6d00000| Untracked 
| 110|0x00000000e6e00000, 0x00000000e6e00000, 0x00000000e6f00000|  0%| F|  |TAMS 0x00000000e6e00000, 0x00000000e6e00000| Untracked 
| 111|0x00000000e6f00000, 0x00000000e6f00000, 0x00000000e7000000|  0%| F|  |TAMS 0x00000000e6f00000, 0x00000000e6f00000| Untracked 
| 112|0x00000000e7000000, 0x00000000e7000000, 0x00000000e7100000|  0%| F|  |TAMS 0x00000000e7000000, 0x00000000e7000000| Untracked 
| 113|0x00000000e7100000, 0x00000000e7100000, 0x00000000e7200000|  0%| F|  |TAMS 0x00000000e7100000, 0x00000000e7100000| Untracked 
| 114|0x00000000e7200000, 0x00000000e7200000, 0x00000000e7300000|  0%| F|  |TAMS 0x00000000e7200000, 0x00000000e7200000| Untracked 
| 115|0x00000000e7300000, 0x00000000e7300000, 0x00000000e7400000|  0%| F|  |TAMS 0x00000000e7300000, 0x00000000e7300000| Untracked 
| 116|0x00000000e7400000, 0x00000000e7400000, 0x00000000e7500000|  0%| F|  |TAMS 0x00000000e7400000, 0x00000000e7400000| Untracked 
| 117|0x00000000e7500000, 0x00000000e7500000, 0x00000000e7600000|  0%| F|  |TAMS 0x00000000e7500000, 0x00000000e7500000| Untracked 
| 118|0x00000000e7600000, 0x00000000e76d6590, 0x00000000e7700000| 83%| S|CS|TAMS 0x00000000e7600000, 0x00000000e7600000| Complete 
| 119|0x00000000e7700000, 0x00000000e7800000, 0x00000000e7800000|100%| S|CS|TAMS 0x00000000e7700000, 0x00000000e7700000| Complete 
| 120|0x00000000e7800000, 0x00000000e7900000, 0x00000000e7900000|100%| S|CS|TAMS 0x00000000e7800000, 0x00000000e7800000| Complete 
| 121|0x00000000e7900000, 0x00000000e7a00000, 0x00000000e7a00000|100%| S|CS|TAMS 0x00000000e7900000, 0x00000000e7900000| Complete 
| 122|0x00000000e7a00000, 0x00000000e7b00000, 0x00000000e7b00000|100%| S|CS|TAMS 0x00000000e7a00000, 0x00000000e7a00000| Complete 
| 123|0x00000000e7b00000, 0x00000000e7c00000, 0x00000000e7c00000|100%| S|CS|TAMS 0x00000000e7b00000, 0x00000000e7b00000| Complete 
| 124|0x00000000e7c00000, 0x00000000e7d00000, 0x00000000e7d00000|100%| S|CS|TAMS 0x00000000e7c00000, 0x00000000e7c00000| Complete 
| 125|0x00000000e7d00000, 0x00000000e7e00000, 0x00000000e7e00000|100%| S|CS|TAMS 0x00000000e7d00000, 0x00000000e7d00000| Complete 
| 126|0x00000000e7e00000, 0x00000000e7f00000, 0x00000000e7f00000|100%| S|CS|TAMS 0x00000000e7e00000, 0x00000000e7e00000| Complete 
| 127|0x00000000e7f00000, 0x00000000e8000000, 0x00000000e8000000|100%| S|CS|TAMS 0x00000000e7f00000, 0x00000000e7f00000| Complete 
| 128|0x00000000e8000000, 0x00000000e8100000, 0x00000000e8100000|100%| S|CS|TAMS 0x00000000e8000000, 0x00000000e8000000| Complete 
| 129|0x00000000e8100000, 0x00000000e8100000, 0x00000000e8200000|  0%| F|  |TAMS 0x00000000e8100000, 0x00000000e8100000| Untracked 
| 130|0x00000000e8200000, 0x00000000e8200000, 0x00000000e8300000|  0%| F|  |TAMS 0x00000000e8200000, 0x00000000e8200000| Untracked 
| 131|0x00000000e8300000, 0x00000000e8300000, 0x00000000e8400000|  0%| F|  |TAMS 0x00000000e8300000, 0x00000000e8300000| Untracked 
| 132|0x00000000e8400000, 0x00000000e8400000, 0x00000000e8500000|  0%| F|  |TAMS 0x00000000e8400000, 0x00000000e8400000| Untracked 
| 133|0x00000000e8500000, 0x00000000e8500000, 0x00000000e8600000|  0%| F|  |TAMS 0x00000000e8500000, 0x00000000e8500000| Untracked 
| 134|0x00000000e8600000, 0x00000000e8600000, 0x00000000e8700000|  0%| F|  |TAMS 0x00000000e8600000, 0x00000000e8600000| Untracked 
| 135|0x00000000e8700000, 0x00000000e8700000, 0x00000000e8800000|  0%| F|  |TAMS 0x00000000e8700000, 0x00000000e8700000| Untracked 
| 136|0x00000000e8800000, 0x00000000e8800000, 0x00000000e8900000|  0%| F|  |TAMS 0x00000000e8800000, 0x00000000e8800000| Untracked 
| 137|0x00000000e8900000, 0x00000000e8900000, 0x00000000e8a00000|  0%| F|  |TAMS 0x00000000e8900000, 0x00000000e8900000| Untracked 
| 138|0x00000000e8a00000, 0x00000000e8a00000, 0x00000000e8b00000|  0%| F|  |TAMS 0x00000000e8a00000, 0x00000000e8a00000| Untracked 
| 139|0x00000000e8b00000, 0x00000000e8b00000, 0x00000000e8c00000|  0%| F|  |TAMS 0x00000000e8b00000, 0x00000000e8b00000| Untracked 
| 140|0x00000000e8c00000, 0x00000000e8c00000, 0x00000000e8d00000|  0%| F|  |TAMS 0x00000000e8c00000, 0x00000000e8c00000| Untracked 
| 141|0x00000000e8d00000, 0x00000000e8d00000, 0x00000000e8e00000|  0%| F|  |TAMS 0x00000000e8d00000, 0x00000000e8d00000| Untracked 
| 142|0x00000000e8e00000, 0x00000000e8e00000, 0x00000000e8f00000|  0%| F|  |TAMS 0x00000000e8e00000, 0x00000000e8e00000| Untracked 
| 143|0x00000000e8f00000, 0x00000000e8f00000, 0x00000000e9000000|  0%| F|  |TAMS 0x00000000e8f00000, 0x00000000e8f00000| Untracked 
| 144|0x00000000e9000000, 0x00000000e9000000, 0x00000000e9100000|  0%| F|  |TAMS 0x00000000e9000000, 0x00000000e9000000| Untracked 
| 145|0x00000000e9100000, 0x00000000e9100000, 0x00000000e9200000|  0%| F|  |TAMS 0x00000000e9100000, 0x00000000e9100000| Untracked 
| 146|0x00000000e9200000, 0x00000000e9200000, 0x00000000e9300000|  0%| F|  |TAMS 0x00000000e9200000, 0x00000000e9200000| Untracked 
| 147|0x00000000e9300000, 0x00000000e9300000, 0x00000000e9400000|  0%| F|  |TAMS 0x00000000e9300000, 0x00000000e9300000| Untracked 
| 148|0x00000000e9400000, 0x00000000e9400000, 0x00000000e9500000|  0%| F|  |TAMS 0x00000000e9400000, 0x00000000e9400000| Untracked 
| 149|0x00000000e9500000, 0x00000000e9500000, 0x00000000e9600000|  0%| F|  |TAMS 0x00000000e9500000, 0x00000000e9500000| Untracked 
| 150|0x00000000e9600000, 0x00000000e9600000, 0x00000000e9700000|  0%| F|  |TAMS 0x00000000e9600000, 0x00000000e9600000| Untracked 
| 151|0x00000000e9700000, 0x00000000e9700000, 0x00000000e9800000|  0%| F|  |TAMS 0x00000000e9700000, 0x00000000e9700000| Untracked 
| 152|0x00000000e9800000, 0x00000000e9800000, 0x00000000e9900000|  0%| F|  |TAMS 0x00000000e9800000, 0x00000000e9800000| Untracked 
| 153|0x00000000e9900000, 0x00000000e9900000, 0x00000000e9a00000|  0%| F|  |TAMS 0x00000000e9900000, 0x00000000e9900000| Untracked 
| 154|0x00000000e9a00000, 0x00000000e9a00000, 0x00000000e9b00000|  0%| F|  |TAMS 0x00000000e9a00000, 0x00000000e9a00000| Untracked 
| 155|0x00000000e9b00000, 0x00000000e9b00000, 0x00000000e9c00000|  0%| F|  |TAMS 0x00000000e9b00000, 0x00000000e9b00000| Untracked 
| 156|0x00000000e9c00000, 0x00000000e9c00000, 0x00000000e9d00000|  0%| F|  |TAMS 0x00000000e9c00000, 0x00000000e9c00000| Untracked 
| 157|0x00000000e9d00000, 0x00000000e9d00000, 0x00000000e9e00000|  0%| F|  |TAMS 0x00000000e9d00000, 0x00000000e9d00000| Untracked 
| 158|0x00000000e9e00000, 0x00000000e9e00000, 0x00000000e9f00000|  0%| F|  |TAMS 0x00000000e9e00000, 0x00000000e9e00000| Untracked 
| 159|0x00000000e9f00000, 0x00000000e9f00000, 0x00000000ea000000|  0%| F|  |TAMS 0x00000000e9f00000, 0x00000000e9f00000| Untracked 
| 160|0x00000000ea000000, 0x00000000ea000000, 0x00000000ea100000|  0%| F|  |TAMS 0x00000000ea000000, 0x00000000ea000000| Untracked 
| 161|0x00000000ea100000, 0x00000000ea100000, 0x00000000ea200000|  0%| F|  |TAMS 0x00000000ea100000, 0x00000000ea100000| Untracked 
| 162|0x00000000ea200000, 0x00000000ea200000, 0x00000000ea300000|  0%| F|  |TAMS 0x00000000ea200000, 0x00000000ea200000| Untracked 
| 163|0x00000000ea300000, 0x00000000ea300000, 0x00000000ea400000|  0%| F|  |TAMS 0x00000000ea300000, 0x00000000ea300000| Untracked 
| 164|0x00000000ea400000, 0x00000000ea400000, 0x00000000ea500000|  0%| F|  |TAMS 0x00000000ea400000, 0x00000000ea400000| Untracked 
| 165|0x00000000ea500000, 0x00000000ea500000, 0x00000000ea600000|  0%| F|  |TAMS 0x00000000ea500000, 0x00000000ea500000| Untracked 
| 166|0x00000000ea600000, 0x00000000ea600000, 0x00000000ea700000|  0%| F|  |TAMS 0x00000000ea600000, 0x00000000ea600000| Untracked 
| 167|0x00000000ea700000, 0x00000000ea700000, 0x00000000ea800000|  0%| F|  |TAMS 0x00000000ea700000, 0x00000000ea700000| Untracked 
| 168|0x00000000ea800000, 0x00000000ea800000, 0x00000000ea900000|  0%| F|  |TAMS 0x00000000ea800000, 0x00000000ea800000| Untracked 
| 169|0x00000000ea900000, 0x00000000ea900000, 0x00000000eaa00000|  0%| F|  |TAMS 0x00000000ea900000, 0x00000000ea900000| Untracked 
| 170|0x00000000eaa00000, 0x00000000eaa00000, 0x00000000eab00000|  0%| F|  |TAMS 0x00000000eaa00000, 0x00000000eaa00000| Untracked 
| 171|0x00000000eab00000, 0x00000000eab00000, 0x00000000eac00000|  0%| F|  |TAMS 0x00000000eab00000, 0x00000000eab00000| Untracked 
| 172|0x00000000eac00000, 0x00000000eac00000, 0x00000000ead00000|  0%| F|  |TAMS 0x00000000eac00000, 0x00000000eac00000| Untracked 
| 173|0x00000000ead00000, 0x00000000ead00000, 0x00000000eae00000|  0%| F|  |TAMS 0x00000000ead00000, 0x00000000ead00000| Untracked 
| 174|0x00000000eae00000, 0x00000000eae00000, 0x00000000eaf00000|  0%| F|  |TAMS 0x00000000eae00000, 0x00000000eae00000| Untracked 
| 175|0x00000000eaf00000, 0x00000000eaf00000, 0x00000000eb000000|  0%| F|  |TAMS 0x00000000eaf00000, 0x00000000eaf00000| Untracked 
| 176|0x00000000eb000000, 0x00000000eb000000, 0x00000000eb100000|  0%| F|  |TAMS 0x00000000eb000000, 0x00000000eb000000| Untracked 
| 177|0x00000000eb100000, 0x00000000eb100000, 0x00000000eb200000|  0%| F|  |TAMS 0x00000000eb100000, 0x00000000eb100000| Untracked 
| 178|0x00000000eb200000, 0x00000000eb200000, 0x00000000eb300000|  0%| F|  |TAMS 0x00000000eb200000, 0x00000000eb200000| Untracked 
| 179|0x00000000eb300000, 0x00000000eb300000, 0x00000000eb400000|  0%| F|  |TAMS 0x00000000eb300000, 0x00000000eb300000| Untracked 
| 180|0x00000000eb400000, 0x00000000eb400000, 0x00000000eb500000|  0%| F|  |TAMS 0x00000000eb400000, 0x00000000eb400000| Untracked 
| 181|0x00000000eb500000, 0x00000000eb500000, 0x00000000eb600000|  0%| F|  |TAMS 0x00000000eb500000, 0x00000000eb500000| Untracked 
| 182|0x00000000eb600000, 0x00000000eb600000, 0x00000000eb700000|  0%| F|  |TAMS 0x00000000eb600000, 0x00000000eb600000| Untracked 
| 183|0x00000000eb700000, 0x00000000eb700000, 0x00000000eb800000|  0%| F|  |TAMS 0x00000000eb700000, 0x00000000eb700000| Untracked 
| 184|0x00000000eb800000, 0x00000000eb800000, 0x00000000eb900000|  0%| F|  |TAMS 0x00000000eb800000, 0x00000000eb800000| Untracked 
| 185|0x00000000eb900000, 0x00000000eb900000, 0x00000000eba00000|  0%| F|  |TAMS 0x00000000eb900000, 0x00000000eb900000| Untracked 
| 186|0x00000000eba00000, 0x00000000eba00000, 0x00000000ebb00000|  0%| F|  |TAMS 0x00000000eba00000, 0x00000000eba00000| Untracked 
| 187|0x00000000ebb00000, 0x00000000ebb00000, 0x00000000ebc00000|  0%| F|  |TAMS 0x00000000ebb00000, 0x00000000ebb00000| Untracked 
| 188|0x00000000ebc00000, 0x00000000ebc00000, 0x00000000ebd00000|  0%| F|  |TAMS 0x00000000ebc00000, 0x00000000ebc00000| Untracked 
| 189|0x00000000ebd00000, 0x00000000ebd00000, 0x00000000ebe00000|  0%| F|  |TAMS 0x00000000ebd00000, 0x00000000ebd00000| Untracked 
| 190|0x00000000ebe00000, 0x00000000ebe00000, 0x00000000ebf00000|  0%| F|  |TAMS 0x00000000ebe00000, 0x00000000ebe00000| Untracked 
| 191|0x00000000ebf00000, 0x00000000ebf00000, 0x00000000ec000000|  0%| F|  |TAMS 0x00000000ebf00000, 0x00000000ebf00000| Untracked 
| 192|0x00000000ec000000, 0x00000000ec000000, 0x00000000ec100000|  0%| F|  |TAMS 0x00000000ec000000, 0x00000000ec000000| Untracked 
| 193|0x00000000ec100000, 0x00000000ec100000, 0x00000000ec200000|  0%| F|  |TAMS 0x00000000ec100000, 0x00000000ec100000| Untracked 
| 194|0x00000000ec200000, 0x00000000ec200000, 0x00000000ec300000|  0%| F|  |TAMS 0x00000000ec200000, 0x00000000ec200000| Untracked 
| 195|0x00000000ec300000, 0x00000000ec300000, 0x00000000ec400000|  0%| F|  |TAMS 0x00000000ec300000, 0x00000000ec300000| Untracked 
| 196|0x00000000ec400000, 0x00000000ec400000, 0x00000000ec500000|  0%| F|  |TAMS 0x00000000ec400000, 0x00000000ec400000| Untracked 
| 197|0x00000000ec500000, 0x00000000ec500000, 0x00000000ec600000|  0%| F|  |TAMS 0x00000000ec500000, 0x00000000ec500000| Untracked 
| 198|0x00000000ec600000, 0x00000000ec600000, 0x00000000ec700000|  0%| F|  |TAMS 0x00000000ec600000, 0x00000000ec600000| Untracked 
| 199|0x00000000ec700000, 0x00000000ec700000, 0x00000000ec800000|  0%| F|  |TAMS 0x00000000ec700000, 0x00000000ec700000| Untracked 
| 200|0x00000000ec800000, 0x00000000ec800000, 0x00000000ec900000|  0%| F|  |TAMS 0x00000000ec800000, 0x00000000ec800000| Untracked 
| 201|0x00000000ec900000, 0x00000000ec900000, 0x00000000eca00000|  0%| F|  |TAMS 0x00000000ec900000, 0x00000000ec900000| Untracked 
| 202|0x00000000eca00000, 0x00000000eca00000, 0x00000000ecb00000|  0%| F|  |TAMS 0x00000000eca00000, 0x00000000eca00000| Untracked 
| 203|0x00000000ecb00000, 0x00000000ecb00000, 0x00000000ecc00000|  0%| F|  |TAMS 0x00000000ecb00000, 0x00000000ecb00000| Untracked 
| 204|0x00000000ecc00000, 0x00000000ecc00000, 0x00000000ecd00000|  0%| F|  |TAMS 0x00000000ecc00000, 0x00000000ecc00000| Untracked 
| 205|0x00000000ecd00000, 0x00000000ecd00000, 0x00000000ece00000|  0%| F|  |TAMS 0x00000000ecd00000, 0x00000000ecd00000| Untracked 
| 206|0x00000000ece00000, 0x00000000ece00000, 0x00000000ecf00000|  0%| F|  |TAMS 0x00000000ece00000, 0x00000000ece00000| Untracked 
| 207|0x00000000ecf00000, 0x00000000ecf00000, 0x00000000ed000000|  0%| F|  |TAMS 0x00000000ecf00000, 0x00000000ecf00000| Untracked 
| 208|0x00000000ed000000, 0x00000000ed000000, 0x00000000ed100000|  0%| F|  |TAMS 0x00000000ed000000, 0x00000000ed000000| Untracked 
| 209|0x00000000ed100000, 0x00000000ed100000, 0x00000000ed200000|  0%| F|  |TAMS 0x00000000ed100000, 0x00000000ed100000| Untracked 
| 210|0x00000000ed200000, 0x00000000ed200000, 0x00000000ed300000|  0%| F|  |TAMS 0x00000000ed200000, 0x00000000ed200000| Untracked 
| 211|0x00000000ed300000, 0x00000000ed300000, 0x00000000ed400000|  0%| F|  |TAMS 0x00000000ed300000, 0x00000000ed300000| Untracked 
| 212|0x00000000ed400000, 0x00000000ed400000, 0x00000000ed500000|  0%| F|  |TAMS 0x00000000ed400000, 0x00000000ed400000| Untracked 
| 213|0x00000000ed500000, 0x00000000ed500000, 0x00000000ed600000|  0%| F|  |TAMS 0x00000000ed500000, 0x00000000ed500000| Untracked 
| 214|0x00000000ed600000, 0x00000000ed600000, 0x00000000ed700000|  0%| F|  |TAMS 0x00000000ed600000, 0x00000000ed600000| Untracked 
| 215|0x00000000ed700000, 0x00000000ed700000, 0x00000000ed800000|  0%| F|  |TAMS 0x00000000ed700000, 0x00000000ed700000| Untracked 
| 216|0x00000000ed800000, 0x00000000ed800000, 0x00000000ed900000|  0%| F|  |TAMS 0x00000000ed800000, 0x00000000ed800000| Untracked 
| 217|0x00000000ed900000, 0x00000000ed900000, 0x00000000eda00000|  0%| F|  |TAMS 0x00000000ed900000, 0x00000000ed900000| Untracked 
| 218|0x00000000eda00000, 0x00000000eda00000, 0x00000000edb00000|  0%| F|  |TAMS 0x00000000eda00000, 0x00000000eda00000| Untracked 
| 219|0x00000000edb00000, 0x00000000edb00000, 0x00000000edc00000|  0%| F|  |TAMS 0x00000000edb00000, 0x00000000edb00000| Untracked 
| 220|0x00000000edc00000, 0x00000000edc00000, 0x00000000edd00000|  0%| F|  |TAMS 0x00000000edc00000, 0x00000000edc00000| Untracked 
| 221|0x00000000edd00000, 0x00000000edd00000, 0x00000000ede00000|  0%| F|  |TAMS 0x00000000edd00000, 0x00000000edd00000| Untracked 
| 222|0x00000000ede00000, 0x00000000ede00000, 0x00000000edf00000|  0%| F|  |TAMS 0x00000000ede00000, 0x00000000ede00000| Untracked 
| 223|0x00000000edf00000, 0x00000000edf00000, 0x00000000ee000000|  0%| F|  |TAMS 0x00000000edf00000, 0x00000000edf00000| Untracked 
| 224|0x00000000ee000000, 0x00000000ee000000, 0x00000000ee100000|  0%| F|  |TAMS 0x00000000ee000000, 0x00000000ee000000| Untracked 
| 225|0x00000000ee100000, 0x00000000ee100000, 0x00000000ee200000|  0%| F|  |TAMS 0x00000000ee100000, 0x00000000ee100000| Untracked 
| 226|0x00000000ee200000, 0x00000000ee200000, 0x00000000ee300000|  0%| F|  |TAMS 0x00000000ee200000, 0x00000000ee200000| Untracked 
| 227|0x00000000ee300000, 0x00000000ee300000, 0x00000000ee400000|  0%| F|  |TAMS 0x00000000ee300000, 0x00000000ee300000| Untracked 
| 228|0x00000000ee400000, 0x00000000ee490ad8, 0x00000000ee500000| 56%| E|  |TAMS 0x00000000ee400000, 0x00000000ee400000| Complete 
| 229|0x00000000ee500000, 0x00000000ee600000, 0x00000000ee600000|100%| E|CS|TAMS 0x00000000ee500000, 0x00000000ee500000| Complete 
| 230|0x00000000ee600000, 0x00000000ee700000, 0x00000000ee700000|100%| E|CS|TAMS 0x00000000ee600000, 0x00000000ee600000| Complete 
| 231|0x00000000ee700000, 0x00000000ee800000, 0x00000000ee800000|100%| E|CS|TAMS 0x00000000ee700000, 0x00000000ee700000| Complete 
| 232|0x00000000ee800000, 0x00000000ee900000, 0x00000000ee900000|100%| E|CS|TAMS 0x00000000ee800000, 0x00000000ee800000| Complete 
| 233|0x00000000ee900000, 0x00000000eea00000, 0x00000000eea00000|100%| E|CS|TAMS 0x00000000ee900000, 0x00000000ee900000| Complete 
| 234|0x00000000eea00000, 0x00000000eeb00000, 0x00000000eeb00000|100%| E|CS|TAMS 0x00000000eea00000, 0x00000000eea00000| Complete 
| 235|0x00000000eeb00000, 0x00000000eec00000, 0x00000000eec00000|100%| E|CS|TAMS 0x00000000eeb00000, 0x00000000eeb00000| Complete 
| 236|0x00000000eec00000, 0x00000000eed00000, 0x00000000eed00000|100%| E|CS|TAMS 0x00000000eec00000, 0x00000000eec00000| Complete 
| 237|0x00000000eed00000, 0x00000000eee00000, 0x00000000eee00000|100%| E|CS|TAMS 0x00000000eed00000, 0x00000000eed00000| Complete 
| 238|0x00000000eee00000, 0x00000000eef00000, 0x00000000eef00000|100%| E|CS|TAMS 0x00000000eee00000, 0x00000000eee00000| Complete 
| 239|0x00000000eef00000, 0x00000000ef000000, 0x00000000ef000000|100%| E|CS|TAMS 0x00000000eef00000, 0x00000000eef00000| Complete 
| 240|0x00000000ef000000, 0x00000000ef100000, 0x00000000ef100000|100%| E|CS|TAMS 0x00000000ef000000, 0x00000000ef000000| Complete 
| 241|0x00000000ef100000, 0x00000000ef200000, 0x00000000ef200000|100%| E|CS|TAMS 0x00000000ef100000, 0x00000000ef100000| Complete 
| 242|0x00000000ef200000, 0x00000000ef300000, 0x00000000ef300000|100%| E|CS|TAMS 0x00000000ef200000, 0x00000000ef200000| Complete 
| 243|0x00000000ef300000, 0x00000000ef400000, 0x00000000ef400000|100%| E|CS|TAMS 0x00000000ef300000, 0x00000000ef300000| Complete 
| 244|0x00000000ef400000, 0x00000000ef500000, 0x00000000ef500000|100%| E|CS|TAMS 0x00000000ef400000, 0x00000000ef400000| Complete 
| 245|0x00000000ef500000, 0x00000000ef600000, 0x00000000ef600000|100%| E|CS|TAMS 0x00000000ef500000, 0x00000000ef500000| Complete 
| 246|0x00000000ef600000, 0x00000000ef700000, 0x00000000ef700000|100%| E|CS|TAMS 0x00000000ef600000, 0x00000000ef600000| Complete 
| 247|0x00000000ef700000, 0x00000000ef800000, 0x00000000ef800000|100%| E|CS|TAMS 0x00000000ef700000, 0x00000000ef700000| Complete 
| 248|0x00000000ef800000, 0x00000000ef900000, 0x00000000ef900000|100%| E|CS|TAMS 0x00000000ef800000, 0x00000000ef800000| Complete 
| 249|0x00000000ef900000, 0x00000000efa00000, 0x00000000efa00000|100%| E|CS|TAMS 0x00000000ef900000, 0x00000000ef900000| Complete 
| 250|0x00000000efa00000, 0x00000000efb00000, 0x00000000efb00000|100%| E|CS|TAMS 0x00000000efa00000, 0x00000000efa00000| Complete 
| 251|0x00000000efb00000, 0x00000000efc00000, 0x00000000efc00000|100%| E|CS|TAMS 0x00000000efb00000, 0x00000000efb00000| Complete 
| 252|0x00000000efc00000, 0x00000000efd00000, 0x00000000efd00000|100%| E|CS|TAMS 0x00000000efc00000, 0x00000000efc00000| Complete 
| 253|0x00000000efd00000, 0x00000000efe00000, 0x00000000efe00000|100%| E|CS|TAMS 0x00000000efd00000, 0x00000000efd00000| Complete 
| 254|0x00000000efe00000, 0x00000000eff00000, 0x00000000eff00000|100%| E|CS|TAMS 0x00000000efe00000, 0x00000000efe00000| Complete 
| 255|0x00000000eff00000, 0x00000000f0000000, 0x00000000f0000000|100%| E|CS|TAMS 0x00000000eff00000, 0x00000000eff00000| Complete 

Card table byte_map: [0x0000016ffd2a0000,0x0000016ffd3a0000] _byte_map_base: 0x0000016ffcba0000

Marking Bits (Prev, Next): (CMBitMap*) 0x0000016ff23918d0, (CMBitMap*) 0x0000016ff2391910
 Prev Bits: [0x0000016ffd4a0000, 0x0000016ffdca0000)
 Next Bits: [0x0000016ffdca0000, 0x0000016ffe4a0000)

Polling page: 0x0000016ffc4f0000

Metaspace:

Usage:
  Non-class:     38.20 MB used.
      Class:      5.99 MB used.
       Both:     44.18 MB used.

Virtual space:
  Non-class space:       40.00 MB reserved,      38.50 MB ( 96%) committed,  5 nodes.
      Class space:      208.00 MB reserved,       6.31 MB (  3%) committed,  1 nodes.
              Both:      248.00 MB reserved,      44.81 MB ( 18%) committed. 

Chunk freelists:
   Non-Class:  1.36 MB
       Class:  1.73 MB
        Both:  3.09 MB

MaxMetaspaceSize: 256.00 MB
CompressedClassSpaceSize: 208.00 MB
 - commit_granule_bytes: 65536.
 - commit_granule_words: 8192.
 - virtual_space_node_default_size: 1048576.
 - enlarge_chunks_in_place: 1.
 - new_chunks_are_fully_committed: 0.
 - uncommit_free_chunks: 1.
 - use_allocation_guard: 0.
 - handle_deallocations: 1.


Internal statistics:

num_allocs_failed_limit: 6.
num_arena_births: 608.
num_arena_deaths: 0.
num_vsnodes_births: 6.
num_vsnodes_deaths: 0.
num_space_committed: 717.
num_space_uncommitted: 0.
num_chunks_returned_to_freelist: 6.
num_chunks_taken_from_freelist: 2420.
num_chunk_merges: 6.
num_chunk_splits: 1535.
num_chunks_enlarged: 977.
num_purges: 0.

CodeHeap 'non-profiled nmethods': size=120000Kb used=2788Kb max_used=2788Kb free=117212Kb
 bounds [0x0000016f87ad0000, 0x0000016f87d90000, 0x0000016f8f000000]
CodeHeap 'profiled nmethods': size=120000Kb used=11456Kb max_used=11456Kb free=108543Kb
 bounds [0x0000016f805a0000, 0x0000016f810e0000, 0x0000016f87ad0000]
CodeHeap 'non-nmethods': size=5760Kb used=2332Kb max_used=2366Kb free=3427Kb
 bounds [0x0000016f80000000, 0x0000016f80270000, 0x0000016f805a0000]
 total_blobs=6145 nmethods=5304 adapters=753
 compilation: enabled
              stopped_count=0, restarted_count=0
 full_count=0

Compilation events (20 events):
Event: 15.374 Thread 0x0000016fff173020 nmethod 5350 0x0000016f810cb710 code [0x0000016f810cb8e0, 0x0000016f810cbe38]
Event: 15.374 Thread 0x0000016fff173020 5351       3       sun.reflect.generics.scope.MethodScope::getEnclosingClass (11 bytes)
Event: 15.374 Thread 0x0000016fff173020 nmethod 5351 0x0000016f810cc010 code [0x0000016f810cc1c0, 0x0000016f810cc498]
Event: 15.417 Thread 0x0000016fff173020 5352       3       org.gradle.internal.instantiation.generator.AbstractClassGenerator$PropertyMetadata::addSetter (41 bytes)
Event: 15.417 Thread 0x0000016fff173020 nmethod 5352 0x0000016f810cc590 code [0x0000016f810cc780, 0x0000016f810ccc98]
Event: 15.422 Thread 0x0000016fff173020 5353       3       java.lang.reflect.Constructor::hasGenericInformation (13 bytes)
Event: 15.422 Thread 0x0000016fff173020 nmethod 5353 0x0000016f810cce10 code [0x0000016f810ccfa0, 0x0000016f810cd118]
Event: 15.446 Thread 0x0000016fff173020 5354       3       com.google.common.base.Preconditions::checkArgument (13 bytes)
Event: 15.446 Thread 0x0000016fff173020 nmethod 5354 0x0000016f810cd190 code [0x0000016f810cd340, 0x0000016f810cd528]
Event: 15.456 Thread 0x0000016fff173020 5355       3       com.google.common.base.Preconditions::checkArgument (29 bytes)
Event: 15.456 Thread 0x0000016fff173020 nmethod 5355 0x0000016f810cd610 code [0x0000016f810cd800, 0x0000016f810cddf8]
Event: 15.519 Thread 0x0000016fff173020 5356       3       java.lang.reflect.ProxyGenerator::collectCompatibleTypes (93 bytes)
Event: 15.520 Thread 0x0000016fff173020 nmethod 5356 0x0000016f810cdf90 code [0x0000016f810ce180, 0x0000016f810ce688]
Event: 15.544 Thread 0x0000016fff173020 5357       3       org.objectweb.asm.Frame::addInitializedType (77 bytes)
Event: 15.545 Thread 0x0000016fff173020 nmethod 5357 0x0000016f810ce910 code [0x0000016f810ceae0, 0x0000016f810cf028]
Event: 15.552 Thread 0x0000016fff173020 5358       1       org.gradle.api.internal.provider.AbstractProperty$NonFinalizedValue::setConvention (6 bytes)
Event: 15.552 Thread 0x0000016fff173020 nmethod 5358 0x0000016f87d87e10 code [0x0000016f87d87fa0, 0x0000016f87d880b8]
Event: 15.625 Thread 0x0000016fff173020 5359       3       org.gradle.api.internal.DefaultDomainObjectCollection$IteratorImpl::next (18 bytes)
Event: 15.625 Thread 0x0000016fff173020 nmethod 5359 0x0000016f810cf210 code [0x0000016f810cf3c0, 0x0000016f810cf5e8]
Event: 15.649 Thread 0x0000016fff173020 5360       1       javax.management.ObjectName::getCanonicalName (5 bytes)

GC Heap History (10 events):
Event: 1.504 GC heap before
{Heap before GC invocations=0 (full 0):
 garbage-first heap   total 262144K, used 28672K [0x00000000e0000000, 0x0000000100000000)
  region size 1024K, 23 young (23552K), 0 survivors (0K)
 Metaspace       used 3196K, committed 3392K, reserved 221184K
  class space    used 376K, committed 448K, reserved 212992K
}
Event: 1.511 GC heap after
{Heap after GC invocations=1 (full 0):
 garbage-first heap   total 262144K, used 9118K [0x00000000e0000000, 0x0000000100000000)
  region size 1024K, 3 young (3072K), 3 survivors (3072K)
 Metaspace       used 3196K, committed 3392K, reserved 221184K
  class space    used 376K, committed 448K, reserved 212992K
}
Event: 2.114 GC heap before
{Heap before GC invocations=1 (full 0):
 garbage-first heap   total 262144K, used 38814K [0x00000000e0000000, 0x0000000100000000)
  region size 1024K, 32 young (32768K), 3 survivors (3072K)
 Metaspace       used 4102K, committed 4288K, reserved 221184K
  class space    used 471K, committed 576K, reserved 212992K
}
Event: 2.118 GC heap after
{Heap after GC invocations=2 (full 0):
 garbage-first heap   total 262144K, used 11017K [0x00000000e0000000, 0x0000000100000000)
  region size 1024K, 3 young (3072K), 3 survivors (3072K)
 Metaspace       used 4102K, committed 4288K, reserved 221184K
  class space    used 471K, committed 576K, reserved 212992K
}
Event: 7.335 GC heap before
{Heap before GC invocations=2 (full 0):
 garbage-first heap   total 262144K, used 129801K [0x00000000e0000000, 0x0000000100000000)
  region size 1024K, 108 young (110592K), 3 survivors (3072K)
 Metaspace       used 20924K, committed 21248K, reserved 237568K
  class space    used 3032K, committed 3200K, reserved 212992K
}
Event: 7.345 GC heap after
{Heap after GC invocations=3 (full 0):
 garbage-first heap   total 262144K, used 34436K [0x00000000e0000000, 0x0000000100000000)
  region size 1024K, 13 young (13312K), 13 survivors (13312K)
 Metaspace       used 20924K, committed 21248K, reserved 237568K
  class space    used 3032K, committed 3200K, reserved 212992K
}
Event: 9.624 GC heap before
{Heap before GC invocations=4 (full 0):
 garbage-first heap   total 262144K, used 146052K [0x00000000e0000000, 0x0000000100000000)
  region size 1024K, 111 young (113664K), 13 survivors (13312K)
 Metaspace       used 35026K, committed 35520K, reserved 245760K
  class space    used 4606K, committed 4864K, reserved 212992K
}
Event: 9.634 GC heap after
{Heap after GC invocations=5 (full 0):
 garbage-first heap   total 262144K, used 53042K [0x00000000e0000000, 0x0000000100000000)
  region size 1024K, 10 young (10240K), 10 survivors (10240K)
 Metaspace       used 35026K, committed 35520K, reserved 245760K
  class space    used 4606K, committed 4864K, reserved 212992K
}
Event: 14.117 GC heap before
{Heap before GC invocations=6 (full 0):
 garbage-first heap   total 262144K, used 171826K [0x00000000e0000000, 0x0000000100000000)
  region size 1024K, 127 young (130048K), 10 survivors (10240K)
 Metaspace       used 44637K, committed 45248K, reserved 253952K
  class space    used 6031K, committed 6336K, reserved 212992K
}
Event: 14.339 GC heap after
{Heap after GC invocations=7 (full 0):
 garbage-first heap   total 262144K, used 63522K [0x00000000e0000000, 0x0000000100000000)
  region size 1024K, 11 young (11264K), 11 survivors (11264K)
 Metaspace       used 44637K, committed 45248K, reserved 253952K
  class space    used 6031K, committed 6336K, reserved 212992K
}

Deoptimization events (20 events):
Event: 13.898 Thread 0x0000016fffd33930 Uncommon trap: trap_request=0xffffff45 fr.pc=0x0000016f87b37084 relative=0x0000000000000924
Event: 13.898 Thread 0x0000016fffd33930 Uncommon trap: reason=unstable_if action=reinterpret pc=0x0000016f87b37084 method=java.util.HashMap.resize()[Ljava/util/HashMap$Node; @ 203 c2
Event: 13.898 Thread 0x0000016fffd33930 DEOPT PACKING pc=0x0000016f87b37084 sp=0x0000006df75f72c0
Event: 13.898 Thread 0x0000016fffd33930 DEOPT UNPACKING pc=0x0000016f8004d72e sp=0x0000006df75f7260 mode 2
Event: 13.908 Thread 0x0000016fffd33930 Uncommon trap: trap_request=0xffffffde fr.pc=0x0000016f87c5f9a8 relative=0x00000000000004c8
Event: 13.908 Thread 0x0000016fffd33930 Uncommon trap: reason=class_check action=maybe_recompile pc=0x0000016f87c5f9a8 method=java.util.regex.Matcher.search(I)Z @ 121 c2
Event: 13.908 Thread 0x0000016fffd33930 DEOPT PACKING pc=0x0000016f87c5f9a8 sp=0x0000006df75f9030
Event: 13.908 Thread 0x0000016fffd33930 DEOPT UNPACKING pc=0x0000016f8004d72e sp=0x0000006df75f8ff0 mode 2
Event: 14.059 Thread 0x0000016fffd33930 Uncommon trap: trap_request=0xffffffc6 fr.pc=0x0000016f87cd56dc relative=0x0000000000000e7c
Event: 14.059 Thread 0x0000016fffd33930 Uncommon trap: reason=bimorphic_or_optimized_type_check action=maybe_recompile pc=0x0000016f87cd56dc method=org.codehaus.groovy.runtime.metaclass.MetaMethodIndex.isOverridden(Lgroovy/lang/MetaMethod;Lgroovy/lang/MetaMethod;)Z @ 10 c2
Event: 14.059 Thread 0x0000016fffd33930 DEOPT PACKING pc=0x0000016f87cd56dc sp=0x0000006df75f7560
Event: 14.059 Thread 0x0000016fffd33930 DEOPT UNPACKING pc=0x0000016f8004d72e sp=0x0000006df75f74b8 mode 2
Event: 14.404 Thread 0x0000016fffd33930 Uncommon trap: trap_request=0xffffffc6 fr.pc=0x0000016f87cd56dc relative=0x0000000000000e7c
Event: 14.404 Thread 0x0000016fffd33930 Uncommon trap: reason=bimorphic_or_optimized_type_check action=maybe_recompile pc=0x0000016f87cd56dc method=org.codehaus.groovy.runtime.metaclass.MetaMethodIndex.isOverridden(Lgroovy/lang/MetaMethod;Lgroovy/lang/MetaMethod;)Z @ 10 c2
Event: 14.404 Thread 0x0000016fffd33930 DEOPT PACKING pc=0x0000016f87cd56dc sp=0x0000006df75f74a0
Event: 14.404 Thread 0x0000016fffd33930 DEOPT UNPACKING pc=0x0000016f8004d72e sp=0x0000006df75f73f8 mode 2
Event: 15.236 Thread 0x0000016fffd33930 Uncommon trap: trap_request=0xffffff45 fr.pc=0x0000016f87cdf9c4 relative=0x0000000000005f64
Event: 15.236 Thread 0x0000016fffd33930 Uncommon trap: reason=unstable_if action=reinterpret pc=0x0000016f87cdf9c4 method=org.codehaus.groovy.reflection.CachedMethod.compareToMethod(Ljava/lang/reflect/Method;)I @ 43 c2
Event: 15.236 Thread 0x0000016fffd33930 DEOPT PACKING pc=0x0000016f87cdf9c4 sp=0x0000006df75f7e30
Event: 15.236 Thread 0x0000016fffd33930 DEOPT UNPACKING pc=0x0000016f8004d72e sp=0x0000006df75f7e10 mode 2

Classes unloaded (0 events):
No events

Classes redefined (0 events):
No events

Internal exceptions (20 events):
Event: 15.246 Thread 0x0000016fffd33930 Exception <a 'java/lang/ClassNotFoundException'{0x00000000ef355768}: org/gradle/api/plugins/quality/CodeQualityExtensionBeanInfo> (0x00000000ef355768) 
thrown [c:\wsjdk\correttojdksrc\installers\windows\zip\corretto-build\buildroot\src\hotspot\share\classfile\systemDictionary.cpp, line 256]
Event: 15.246 Thread 0x0000016fffd33930 Exception <a 'java/lang/ClassNotFoundException'{0x00000000ef368fa8}: org/gradle/api/plugins/quality/CodeQualityExtensionCustomizer> (0x00000000ef368fa8) 
thrown [c:\wsjdk\correttojdksrc\installers\windows\zip\corretto-build\buildroot\src\hotspot\share\classfile\systemDictionary.cpp, line 256]
Event: 15.248 Thread 0x0000016fffd33930 Exception <a 'java/lang/ClassNotFoundException'{0x00000000ef3879f0}: org/gradle/api/plugins/quality/CheckstyleExtensionCustomizer> (0x00000000ef3879f0) 
thrown [c:\wsjdk\correttojdksrc\installers\windows\zip\corretto-build\buildroot\src\hotspot\share\classfile\systemDictionary.cpp, line 256]
Event: 15.250 Thread 0x0000016fffd33930 Exception <a 'java/lang/ClassNotFoundException'{0x00000000ef3aeee8}: org/gradle/api/plugins/quality/CheckstyleExtension_DecoratedCustomizer> (0x00000000ef3aeee8) 
thrown [c:\wsjdk\correttojdksrc\installers\windows\zip\corretto-build\buildroot\src\hotspot\share\classfile\systemDictionary.cpp, line 256]
Event: 15.266 Thread 0x0000016fffd33930 Exception <a 'java/lang/ClassNotFoundException'{0x00000000ef1f5d18}: org/gradle/api/internal/tasks/DefaultSourceSetContainer_DecoratedBeanInfo> (0x00000000ef1f5d18) 
thrown [c:\wsjdk\correttojdksrc\installers\windows\zip\corretto-build\buildroot\src\hotspot\share\classfile\systemDictionary.cpp, line 256]
Event: 15.266 Thread 0x0000016fffd33930 Exception <a 'java/lang/ClassNotFoundException'{0x00000000ef009bb8}: org/gradle/api/internal/tasks/DefaultSourceSetContainerBeanInfo> (0x00000000ef009bb8) 
thrown [c:\wsjdk\correttojdksrc\installers\windows\zip\corretto-build\buildroot\src\hotspot\share\classfile\systemDictionary.cpp, line 256]
Event: 15.267 Thread 0x0000016fffd33930 Exception <a 'java/lang/ClassNotFoundException'{0x00000000ef01d588}: org/gradle/api/internal/tasks/DefaultSourceSetContainerCustomizer> (0x00000000ef01d588) 
thrown [c:\wsjdk\correttojdksrc\installers\windows\zip\corretto-build\buildroot\src\hotspot\share\classfile\systemDictionary.cpp, line 256]
Event: 15.269 Thread 0x0000016fffd33930 Exception <a 'java/lang/ClassNotFoundException'{0x00000000ef03c520}: org/gradle/api/internal/tasks/DefaultSourceSetContainer_DecoratedCustomizer> (0x00000000ef03c520) 
thrown [c:\wsjdk\correttojdksrc\installers\windows\zip\corretto-build\buildroot\src\hotspot\share\classfile\systemDictionary.cpp, line 256]
Event: 15.278 Thread 0x0000016fffd33930 Exception <a 'java/lang/ClassNotFoundException'{0x00000000eef154b0}: groovy/lang/GString$1BeanInfo> (0x00000000eef154b0) 
thrown [c:\wsjdk\correttojdksrc\installers\windows\zip\corretto-build\buildroot\src\hotspot\share\classfile\systemDictionary.cpp, line 256]
Event: 15.279 Thread 0x0000016fffd33930 Exception <a 'java/lang/ClassNotFoundException'{0x00000000eef3a918}: groovy/lang/GStringBeanInfo> (0x00000000eef3a918) 
thrown [c:\wsjdk\correttojdksrc\installers\windows\zip\corretto-build\buildroot\src\hotspot\share\classfile\systemDictionary.cpp, line 256]
Event: 15.280 Thread 0x0000016fffd33930 Exception <a 'java/lang/ClassNotFoundException'{0x00000000eef5fd48}: groovy/lang/GStringCustomizer> (0x00000000eef5fd48) 
thrown [c:\wsjdk\correttojdksrc\installers\windows\zip\corretto-build\buildroot\src\hotspot\share\classfile\systemDictionary.cpp, line 256]
Event: 15.282 Thread 0x0000016fffd33930 Exception <a 'java/lang/ClassNotFoundException'{0x00000000eef8f148}: groovy/lang/GString$1Customizer> (0x00000000eef8f148) 
thrown [c:\wsjdk\correttojdksrc\installers\windows\zip\corretto-build\buildroot\src\hotspot\share\classfile\systemDictionary.cpp, line 256]
Event: 15.296 Thread 0x0000016fffd33930 Exception <a 'java/lang/ClassNotFoundException'{0x00000000eeca9bf8}: org/codehaus/groovy/runtime/GStringImplBeanInfo> (0x00000000eeca9bf8) 
thrown [c:\wsjdk\correttojdksrc\installers\windows\zip\corretto-build\buildroot\src\hotspot\share\classfile\systemDictionary.cpp, line 256]
Event: 15.309 Thread 0x0000016fffd33930 Exception <a 'java/lang/ClassNotFoundException'{0x00000000ee946f80}: org/codehaus/groovy/runtime/GStringImplCustomizer> (0x00000000ee946f80) 
thrown [c:\wsjdk\correttojdksrc\installers\windows\zip\corretto-build\buildroot\src\hotspot\share\classfile\systemDictionary.cpp, line 256]
Event: 15.340 Thread 0x0000016fffd33930 Exception <a 'java/lang/ClassNotFoundException'{0x00000000ee9a7c10}: java/util/LinkedHashMapBeanInfo> (0x00000000ee9a7c10) 
thrown [c:\wsjdk\correttojdksrc\installers\windows\zip\corretto-build\buildroot\src\hotspot\share\classfile\systemDictionary.cpp, line 256]
Event: 15.342 Thread 0x0000016fffd33930 Exception <a 'java/lang/ClassNotFoundException'{0x00000000ee9ae018}: java/util/HashMapBeanInfo> (0x00000000ee9ae018) 
thrown [c:\wsjdk\correttojdksrc\installers\windows\zip\corretto-build\buildroot\src\hotspot\share\classfile\systemDictionary.cpp, line 256]
Event: 15.344 Thread 0x0000016fffd33930 Exception <a 'java/lang/ClassNotFoundException'{0x00000000ee9b4420}: java/util/AbstractMapBeanInfo> (0x00000000ee9b4420) 
thrown [c:\wsjdk\correttojdksrc\installers\windows\zip\corretto-build\buildroot\src\hotspot\share\classfile\systemDictionary.cpp, line 256]
Event: 15.345 Thread 0x0000016fffd33930 Exception <a 'java/lang/ClassNotFoundException'{0x00000000ee9ba818}: java/util/AbstractMapCustomizer> (0x00000000ee9ba818) 
thrown [c:\wsjdk\correttojdksrc\installers\windows\zip\corretto-build\buildroot\src\hotspot\share\classfile\systemDictionary.cpp, line 256]
Event: 15.364 Thread 0x0000016fffd33930 Exception <a 'java/lang/ClassNotFoundException'{0x00000000ee9ca820}: java/util/HashMapCustomizer> (0x00000000ee9ca820) 
thrown [c:\wsjdk\correttojdksrc\installers\windows\zip\corretto-build\buildroot\src\hotspot\share\classfile\systemDictionary.cpp, line 256]
Event: 15.370 Thread 0x0000016fffd33930 Exception <a 'java/lang/ClassNotFoundException'{0x00000000ee9e88c8}: java/util/LinkedHashMapCustomizer> (0x00000000ee9e88c8) 
thrown [c:\wsjdk\correttojdksrc\installers\windows\zip\corretto-build\buildroot\src\hotspot\share\classfile\systemDictionary.cpp, line 256]

Events (20 events):
Event: 15.342 loading class java/util/HashMapBeanInfo done
Event: 15.342 loading class java/util/AbstractMapBeanInfo
Event: 15.343 loading class java/util/AbstractMapBeanInfo done
Event: 15.344 loading class java/util/AbstractMapBeanInfo
Event: 15.344 loading class java/util/AbstractMapBeanInfo done
Event: 15.344 loading class java/util/AbstractMapCustomizer
Event: 15.345 loading class java/util/AbstractMapCustomizer done
Event: 15.345 loading class java/util/AbstractMapCustomizer
Event: 15.345 loading class java/util/AbstractMapCustomizer done
Event: 15.347 loading class java/util/HashMapCustomizer
Event: 15.348 Executing  VM operation: Cleanup
Event: 15.349 loading class java/util/HashMapCustomizer done
Event: 15.364 Executing  VM operation: Cleanup done
Event: 15.364 loading class java/util/HashMapCustomizer
Event: 15.364 loading class java/util/HashMapCustomizer done
Event: 15.368 loading class java/util/LinkedHashMapCustomizer
Event: 15.369 loading class java/util/LinkedHashMapCustomizer done
Event: 15.370 loading class java/util/LinkedHashMapCustomizer
Event: 15.370 loading class java/util/LinkedHashMapCustomizer done
Event: 16.369 Executing  VM operation: Cleanup


Dynamic libraries:
0x00007ff6aefa0000 - 0x00007ff6aefad000 	C:\Users\gunch\.jdks\corretto-16.0.2\bin\java.exe
0x00007ffc3f540000 - 0x00007ffc3f7a3000 	C:\WINDOWS\SYSTEM32\ntdll.dll
0x00007ffc3d360000 - 0x00007ffc3d427000 	C:\WINDOWS\System32\KERNEL32.DLL
0x00007ffc3cd00000 - 0x00007ffc3d0c9000 	C:\WINDOWS\System32\KERNELBASE.dll
0x00007ffc3d0d0000 - 0x00007ffc3d21c000 	C:\WINDOWS\System32\ucrtbase.dll
0x00007ffc31ba0000 - 0x00007ffc31bb8000 	C:\Users\gunch\.jdks\corretto-16.0.2\bin\jli.dll
0x00007ffc321b0000 - 0x00007ffc321c5000 	C:\Users\gunch\.jdks\corretto-16.0.2\bin\VCRUNTIME140.dll
0x00007ffc3e800000 - 0x00007ffc3e9ca000 	C:\WINDOWS\System32\USER32.dll
0x00007ffc3c7e0000 - 0x00007ffc3c807000 	C:\WINDOWS\System32\win32u.dll
0x00007ffc3d440000 - 0x00007ffc3d46a000 	C:\WINDOWS\System32\GDI32.dll
0x00007ffc3d220000 - 0x00007ffc3d351000 	C:\WINDOWS\System32\gdi32full.dll
0x00007ffc3c960000 - 0x00007ffc3ca03000 	C:\WINDOWS\System32\msvcp_win.dll
0x00007ffc2e1f0000 - 0x00007ffc2e480000 	C:\WINDOWS\WinSxS\amd64_microsoft.windows.common-controls_6595b64144ccf1df_6.0.26100.3323_none_3e088096e3344490\COMCTL32.dll
0x00007ffc3dec0000 - 0x00007ffc3df69000 	C:\WINDOWS\System32\msvcrt.dll
0x00007ffc3f230000 - 0x00007ffc3f25f000 	C:\WINDOWS\System32\IMM32.DLL
0x00007ffc11750000 - 0x00007ffc117eb000 	C:\Users\gunch\.jdks\corretto-16.0.2\bin\msvcp140.dll
0x00007ffbcf240000 - 0x00007ffbcfe49000 	C:\Users\gunch\.jdks\corretto-16.0.2\bin\server\jvm.dll
0x00007ffc3f2d0000 - 0x00007ffc3f382000 	C:\WINDOWS\System32\ADVAPI32.dll
0x00007ffc3e730000 - 0x00007ffc3e7d6000 	C:\WINDOWS\System32\sechost.dll
0x00007ffc3dff0000 - 0x00007ffc3e106000 	C:\WINDOWS\System32\RPCRT4.dll
0x00007ffc3dcc0000 - 0x00007ffc3dcc8000 	C:\WINDOWS\System32\PSAPI.DLL
0x00007ffc39f10000 - 0x00007ffc39f46000 	C:\WINDOWS\SYSTEM32\WINMM.dll
0x00007ffc30700000 - 0x00007ffc3070b000 	C:\WINDOWS\SYSTEM32\VERSION.dll
0x00007ffc076a0000 - 0x00007ffc076aa000 	C:\WINDOWS\SYSTEM32\WSOCK32.dll
0x00007ffc3f3f0000 - 0x00007ffc3f464000 	C:\WINDOWS\System32\WS2_32.dll
0x00007ffc3b640000 - 0x00007ffc3b65a000 	C:\WINDOWS\SYSTEM32\kernel.appcore.dll
0x00007ffc32390000 - 0x00007ffc3239a000 	C:\Users\gunch\.jdks\corretto-16.0.2\bin\jimage.dll
0x00007ffc39ca0000 - 0x00007ffc39ee1000 	C:\WINDOWS\SYSTEM32\DBGHELP.DLL
0x00007ffc3e110000 - 0x00007ffc3e492000 	C:\WINDOWS\System32\combase.dll
0x00007ffc3d470000 - 0x00007ffc3d546000 	C:\WINDOWS\System32\OLEAUT32.dll
0x00007ffc39f50000 - 0x00007ffc39f89000 	C:\WINDOWS\SYSTEM32\dbgcore.DLL
0x00007ffc3c740000 - 0x00007ffc3c7d9000 	C:\WINDOWS\System32\bcryptPrimitives.dll
0x00007ffc2fad0000 - 0x00007ffc2faf5000 	C:\Users\gunch\.jdks\corretto-16.0.2\bin\java.dll
0x00007ffc3ea60000 - 0x00007ffc3f175000 	C:\WINDOWS\System32\SHELL32.dll
0x00007ffc3ca10000 - 0x00007ffc3cb78000 	C:\WINDOWS\System32\wintypes.dll
0x00007ffc3a400000 - 0x00007ffc3ac45000 	C:\WINDOWS\SYSTEM32\windows.storage.dll
0x00007ffc3e4a0000 - 0x00007ffc3e58b000 	C:\WINDOWS\System32\SHCORE.dll
0x00007ffc3f390000 - 0x00007ffc3f3ed000 	C:\WINDOWS\System32\shlwapi.dll
0x00007ffc3c650000 - 0x00007ffc3c67f000 	C:\WINDOWS\SYSTEM32\profapi.dll
0x00007ffc2fe60000 - 0x00007ffc2fe79000 	C:\Users\gunch\.jdks\corretto-16.0.2\bin\net.dll
0x00007ffc333d0000 - 0x00007ffc334ee000 	C:\WINDOWS\SYSTEM32\WINHTTP.dll
0x00007ffc3bb90000 - 0x00007ffc3bbfa000 	C:\WINDOWS\system32\mswsock.dll
0x00007ffc2fc20000 - 0x00007ffc2fc33000 	C:\Users\gunch\.jdks\corretto-16.0.2\bin\nio.dll
0x00007ffc2f490000 - 0x00007ffc2f4a8000 	C:\Users\gunch\.jdks\corretto-16.0.2\bin\zip.dll
0x00007ffc32220000 - 0x00007ffc32230000 	C:\Users\gunch\.jdks\corretto-16.0.2\bin\verify.dll
0x00007ffc31b50000 - 0x00007ffc31b77000 	C:\Users\gunch\.gradle\native\8bec1ad78214c89d9ad589b4d07fe93259594b29d510b10fafb7a158f7737e5d\windows-amd64\native-platform.dll
0x00007ffc13a60000 - 0x00007ffc13b9d000 	C:\Users\gunch\.gradle\native\53dbd7edfb1c66fb8903c78663c9afc45aea4f116125fa6feffd364cf09443e8\windows-amd64\native-platform-file-events.dll
0x00007ffc321f0000 - 0x00007ffc321f9000 	C:\Users\gunch\.jdks\corretto-16.0.2\bin\management.dll
0x00007ffc31ab0000 - 0x00007ffc31abb000 	C:\Users\gunch\.jdks\corretto-16.0.2\bin\management_ext.dll
0x00007ffc3be30000 - 0x00007ffc3be4c000 	C:\WINDOWS\SYSTEM32\CRYPTSP.dll
0x00007ffc3b5a0000 - 0x00007ffc3b5da000 	C:\WINDOWS\system32\rsaenh.dll
0x00007ffc3bc30000 - 0x00007ffc3bc5b000 	C:\WINDOWS\SYSTEM32\USERENV.dll
0x00007ffc3c070000 - 0x00007ffc3c096000 	C:\WINDOWS\SYSTEM32\bcrypt.dll
0x00007ffc3be50000 - 0x00007ffc3be5c000 	C:\WINDOWS\SYSTEM32\CRYPTBASE.dll
0x00007ffc3afd0000 - 0x00007ffc3b003000 	C:\WINDOWS\SYSTEM32\IPHLPAPI.DLL
0x00007ffc3d430000 - 0x00007ffc3d43a000 	C:\WINDOWS\System32\NSI.dll
0x00007ffc359d0000 - 0x00007ffc359ef000 	C:\WINDOWS\SYSTEM32\dhcpcsvc6.DLL
0x00007ffc35960000 - 0x00007ffc35985000 	C:\WINDOWS\SYSTEM32\dhcpcsvc.DLL
0x00007ffc3b060000 - 0x00007ffc3b185000 	C:\WINDOWS\SYSTEM32\DNSAPI.dll
0x00007ffc2f810000 - 0x00007ffc2f81e000 	C:\Users\gunch\.jdks\corretto-16.0.2\bin\sunmscapi.dll
0x00007ffc3cb80000 - 0x00007ffc3ccf7000 	C:\WINDOWS\System32\CRYPT32.dll
0x00007ffc3c030000 - 0x00007ffc3c060000 	C:\WINDOWS\SYSTEM32\ncrypt.dll
0x00007ffc3bfe0000 - 0x00007ffc3c01f000 	C:\WINDOWS\SYSTEM32\NTASN1.dll
0x00007ffc2d570000 - 0x00007ffc2d578000 	C:\WINDOWS\system32\wshunix.dll

dbghelp: loaded successfully - version: 4.0.5 - missing functions: none
symbol engine: initialized successfully - sym options: 0x614 - pdb path: .;C:\Users\gunch\.jdks\corretto-16.0.2\bin;C:\WINDOWS\SYSTEM32;C:\WINDOWS\WinSxS\amd64_microsoft.windows.common-controls_6595b64144ccf1df_6.0.26100.3323_none_3e088096e3344490;C:\Users\gunch\.jdks\corretto-16.0.2\bin\server;C:\Users\gunch\.gradle\native\8bec1ad78214c89d9ad589b4d07fe93259594b29d510b10fafb7a158f7737e5d\windows-amd64;C:\Users\gunch\.gradle\native\53dbd7edfb1c66fb8903c78663c9afc45aea4f116125fa6feffd364cf09443e8\windows-amd64

VM Arguments:
jvm_args: --add-opens=java.base/java.util=ALL-UNNAMED --add-opens=java.base/java.lang=ALL-UNNAMED --add-opens=java.base/java.lang.invoke=ALL-UNNAMED --add-opens=java.base/java.util=ALL-UNNAMED --add-opens=java.prefs/java.util.prefs=ALL-UNNAMED --add-opens=java.prefs/java.util.prefs=ALL-UNNAMED --add-opens=java.base/java.nio.charset=ALL-UNNAMED --add-opens=java.base/java.net=ALL-UNNAMED --add-opens=java.base/java.util.concurrent.atomic=ALL-UNNAMED -XX:MaxMetaspaceSize=256m -XX:+HeapDumpOnOutOfMemoryError -Xms256m -Xmx512m -Dfile.encoding=UTF-8 -Duser.country=US -Duser.language=en -Duser.variant 
java_command: org.gradle.launcher.daemon.bootstrap.GradleDaemon 7.0.2
java_class_path (initial): C:\Users\gunch\.gradle\wrapper\dists\gradle-7.0.2-bin\857tjihv64xamwrf0h14cai3r\gradle-7.0.2\lib\gradle-launcher-7.0.2.jar
Launcher Type: SUN_STANDARD

[Global flags]
     intx CICompilerCount                          = 4                                         {product} {ergonomic}
   size_t CompressedClassSpaceSize                 = 218103808                                 {product} {ergonomic}
     uint ConcGCThreads                            = 3                                         {product} {ergonomic}
     uint G1ConcRefinementThreads                  = 10                                        {product} {ergonomic}
   size_t G1HeapRegionSize                         = 1048576                                   {product} {ergonomic}
    uintx GCDrainStackTargetSize                   = 64                                        {product} {ergonomic}
     bool HeapDumpOnOutOfMemoryError               = true                                   {manageable} {command line}
   size_t InitialHeapSize                          = 268435456                                 {product} {command line}
   size_t MarkStackSize                            = 4194304                                   {product} {ergonomic}
   size_t MaxHeapSize                              = 536870912                                 {product} {command line}
   size_t MaxMetaspaceSize                         = 268435456                                 {product} {command line}
   size_t MaxNewSize                               = 321912832                                 {product} {ergonomic}
   size_t MinHeapDeltaBytes                        = 1048576                                   {product} {ergonomic}
   size_t MinHeapSize                              = 268435456                                 {product} {command line}
    uintx NonNMethodCodeHeapSize                   = 5839372                                {pd product} {ergonomic}
    uintx NonProfiledCodeHeapSize                  = 122909434                              {pd product} {ergonomic}
    uintx ProfiledCodeHeapSize                     = 122909434                              {pd product} {ergonomic}
    uintx ReservedCodeCacheSize                    = 251658240                              {pd product} {ergonomic}
     bool SegmentedCodeCache                       = true                                      {product} {ergonomic}
   size_t SoftMaxHeapSize                          = 536870912                              {manageable} {ergonomic}
     bool UseCompressedClassPointers               = true                           {product lp64_product} {ergonomic}
     bool UseCompressedOops                        = true                           {product lp64_product} {ergonomic}
     bool UseG1GC                                  = true                                      {product} {ergonomic}
     bool UseLargePagesIndividualAllocation        = false                                  {pd product} {ergonomic}

Logging:
Log output configuration:
 #0: stdout all=warning uptime,level,tags
 #1: stderr all=off uptime,level,tags

Environment Variables:
PATH=C:\Program Files\Common Files\Oracle\Java\javapath;C:\Python312\Scripts\;C:\Python312\;C:\WINDOWS\system32;C:\WINDOWS;C:\WINDOWS\System32\Wbem;C:\WINDOWS\System32\WindowsPowerShell\v1.0\;C:\WINDOWS\System32\OpenSSH\;C:\Program Files\Amazon\AWSCLIV2\;C:\Program Files (x86)\Nodist\bin;C:\Users\gunch;C:\Program Files\nodejs;C:\Program Files\nodejs\;C:\ProgramData\chocolatey\bin;C:\Program Files\PowerShell\7-preview\preview;C:\Program Files\PowerShell\7\;C:\Users\gunch\AppData\Local\Microsoft\WindowsApps;C:\Users\gunch\AppData\Local\GitHubDesktop\bin;C:\Users\gunch;C:\Program Files\nodejs;C:\Users\gunch\AppData\Local\Microsoft\WinGet\Packages\Schniz.fnm_Microsoft.Winget.Source_8wekyb3d8bbwe;C:\Users\gunch\AppData\Roaming\npm;
USERNAME=gunch
OS=Windows_NT
PROCESSOR_IDENTIFIER=Intel64 Family 6 Model 154 Stepping 4, GenuineIntel



---------------  S Y S T E M  ---------------

OS:
 Windows 10 , 64 bit Build 26100 (10.0.26100.3323)
OS uptime: 25 days 18:09 hours
Hyper-V role detected

CPU: total 12 (initial active 12) (6 cores per cpu, 2 threads per core) family 6 model 154 stepping 4 microcode 0x435, cx8, cmov, fxsr, ht, mmx, 3dnowpref, sse, sse2, sse3, ssse3, sse4.1, sse4.2, popcnt, lzcnt, tsc, tscinvbit, avx, avx2, aes, erms, clmul, bmi1, bmi2, adx, sha, fma, vzeroupper, clflush, clflushopt, clwb, hv

Memory: 4k page, system-wide physical 7750M (2M free)
TotalPageFile size 31302M (AvailPageFile size 1M)
current process WorkingSet (physical memory assigned to process): 5M, peak: 296M
current process commit charge ("private bytes"): 465M, peak: 465M

vm_info: OpenJDK 64-Bit Server VM (16.0.2+7) for windows-amd64 JRE (16.0.2+7), built on Jul 22 2021 01:11:46 by "Administrator" with MS VC++ 15.9 (VS2017)

END.
